{"/home/travis/build/npmtest/node-npmtest-grunt-responsive-images/test.js":{"path":"/home/travis/build/npmtest/node-npmtest-grunt-responsive-images/test.js","s":{"1":2,"2":2,"3":2,"4":2,"5":2,"6":2,"7":2,"8":1,"9":2,"10":2,"11":1,"12":1,"13":1,"14":1,"15":2,"16":2,"17":2,"18":2,"19":1,"20":1,"21":2,"22":2,"23":2,"24":1,"25":1,"26":1,"27":1,"28":1,"29":1,"30":1,"31":1,"32":1,"33":1,"34":1,"35":1,"36":1,"37":1,"38":1,"39":2,"40":2,"41":1,"42":2,"43":2,"44":1,"45":2,"46":2,"47":1,"48":2,"49":2,"50":1,"51":1,"52":1,"53":1,"54":1},"b":{"1":[2,1,1,1],"2":[1,1,1,1],"3":[1,1],"4":[1,1],"5":[1,1],"6":[1,1],"7":[1,1],"8":[1,1],"9":[1,1],"10":[1,1,1],"11":[1,1],"12":[1,1],"13":[1,1],"14":[1,1],"15":[1,1],"16":[1,1],"17":[1,1]},"f":{"1":2,"2":2,"3":2,"4":2,"5":2,"6":1,"7":1,"8":1,"9":2,"10":2,"11":2,"12":2,"13":1},"fnMap":{"1":{"name":"(anonymous_1)","line":12,"loc":{"start":{"line":12,"column":1},"end":{"line":12,"column":13}}},"2":{"name":"(anonymous_2)","line":19,"loc":{"start":{"line":19,"column":5},"end":{"line":19,"column":17}}},"3":{"name":"(anonymous_3)","line":23,"loc":{"start":{"line":23,"column":24},"end":{"line":23,"column":36}}},"4":{"name":"(anonymous_4)","line":61,"loc":{"start":{"line":61,"column":5},"end":{"line":61,"column":17}}},"5":{"name":"(anonymous_5)","line":82,"loc":{"start":{"line":82,"column":5},"end":{"line":82,"column":17}}},"6":{"name":"(anonymous_6)","line":91,"loc":{"start":{"line":91,"column":77},"end":{"line":94,"column":10}}},"7":{"name":"(anonymous_7)","line":112,"loc":{"start":{"line":112,"column":83},"end":{"line":115,"column":10}},"skip":true},"8":{"name":"(anonymous_8)","line":123,"loc":{"start":{"line":123,"column":77},"end":{"line":126,"column":10}},"skip":true},"9":{"name":"(anonymous_9)","line":139,"loc":{"start":{"line":139,"column":12},"end":{"line":139,"column":40}},"skip":true},"10":{"name":"(anonymous_10)","line":147,"loc":{"start":{"line":147,"column":77},"end":{"line":150,"column":10}},"skip":true},"11":{"name":"(anonymous_11)","line":158,"loc":{"start":{"line":158,"column":83},"end":{"line":161,"column":10}},"skip":true},"12":{"name":"(anonymous_12)","line":169,"loc":{"start":{"line":169,"column":79},"end":{"line":172,"column":10}},"skip":true},"13":{"name":"(anonymous_13)","line":180,"loc":{"start":{"line":180,"column":75},"end":{"line":183,"column":10}},"skip":true}},"statementMap":{"1":{"start":{"line":12,"column":0},"end":{"line":195,"column":5}},"2":{"start":{"line":14,"column":4},"end":{"line":14,"column":14}},"3":{"start":{"line":19,"column":4},"end":{"line":56,"column":9}},"4":{"start":{"line":21,"column":8},"end":{"line":21,"column":19}},"5":{"start":{"line":23,"column":8},"end":{"line":35,"column":13}},"6":{"start":{"line":24,"column":12},"end":{"line":34,"column":13}},"7":{"start":{"line":25,"column":16},"end":{"line":28,"column":30}},"8":{"start":{"line":30,"column":16},"end":{"line":33,"column":27}},"9":{"start":{"line":37,"column":8},"end":{"line":39,"column":21}},"10":{"start":{"line":40,"column":8},"end":{"line":53,"column":9}},"11":{"start":{"line":43,"column":12},"end":{"line":46,"column":14}},"12":{"start":{"line":47,"column":12},"end":{"line":47,"column":18}},"13":{"start":{"line":50,"column":12},"end":{"line":51,"column":33}},"14":{"start":{"line":52,"column":12},"end":{"line":52,"column":18}},"15":{"start":{"line":55,"column":8},"end":{"line":55,"column":35}},"16":{"start":{"line":61,"column":4},"end":{"line":63,"column":9}},"17":{"start":{"line":62,"column":8},"end":{"line":62,"column":15}},"18":{"start":{"line":64,"column":4},"end":{"line":77,"column":5}},"19":{"start":{"line":70,"column":8},"end":{"line":70,"column":14}},"20":{"start":{"line":76,"column":8},"end":{"line":76,"column":14}},"21":{"start":{"line":82,"column":4},"end":{"line":84,"column":9}},"22":{"start":{"line":83,"column":8},"end":{"line":83,"column":15}},"23":{"start":{"line":85,"column":4},"end":{"line":194,"column":5}},"24":{"start":{"line":91,"column":8},"end":{"line":99,"column":10}},"25":{"start":{"line":98,"column":12},"end":{"line":98,"column":35}},"26":{"start":{"line":102,"column":8},"end":{"line":104,"column":63}},"27":{"start":{"line":105,"column":8},"end":{"line":105,"column":14}},"28":{"start":{"line":112,"column":8},"end":{"line":121,"column":10},"skip":true},"29":{"start":{"line":119,"column":12},"end":{"line":119,"column":55},"skip":true},"30":{"start":{"line":120,"column":12},"end":{"line":120,"column":48},"skip":true},"31":{"start":{"line":123,"column":8},"end":{"line":136,"column":10},"skip":true},"32":{"start":{"line":130,"column":12},"end":{"line":130,"column":76},"skip":true},"33":{"start":{"line":131,"column":12},"end":{"line":131,"column":73},"skip":true},"34":{"start":{"line":132,"column":12},"end":{"line":132,"column":74},"skip":true},"35":{"start":{"line":133,"column":12},"end":{"line":133,"column":79},"skip":true},"36":{"start":{"line":134,"column":12},"end":{"line":134,"column":25},"skip":true},"37":{"start":{"line":135,"column":12},"end":{"line":135,"column":45},"skip":true},"38":{"start":{"line":138,"column":8},"end":{"line":145,"column":14},"skip":true},"39":{"start":{"line":143,"column":16},"end":{"line":143,"column":29},"skip":true},"40":{"start":{"line":144,"column":16},"end":{"line":144,"column":55},"skip":true},"41":{"start":{"line":147,"column":8},"end":{"line":156,"column":10},"skip":true},"42":{"start":{"line":154,"column":12},"end":{"line":154,"column":25},"skip":true},"43":{"start":{"line":155,"column":12},"end":{"line":155,"column":45},"skip":true},"44":{"start":{"line":158,"column":8},"end":{"line":167,"column":10},"skip":true},"45":{"start":{"line":165,"column":12},"end":{"line":165,"column":25},"skip":true},"46":{"start":{"line":166,"column":12},"end":{"line":166,"column":48},"skip":true},"47":{"start":{"line":169,"column":8},"end":{"line":178,"column":10},"skip":true},"48":{"start":{"line":176,"column":12},"end":{"line":176,"column":25},"skip":true},"49":{"start":{"line":177,"column":12},"end":{"line":177,"column":46},"skip":true},"50":{"start":{"line":180,"column":8},"end":{"line":189,"column":10},"skip":true},"51":{"start":{"line":187,"column":12},"end":{"line":187,"column":94},"skip":true},"52":{"start":{"line":188,"column":12},"end":{"line":188,"column":48},"skip":true},"53":{"start":{"line":192,"column":8},"end":{"line":192,"column":35},"skip":true},"54":{"start":{"line":193,"column":8},"end":{"line":193,"column":14},"skip":true}},"branchMap":{"1":{"line":25,"type":"binary-expr","locations":[{"start":{"line":25,"column":23},"end":{"line":25,"column":62}},{"start":{"line":26,"column":20},"end":{"line":26,"column":70}},{"start":{"line":27,"column":20},"end":{"line":27,"column":71}},{"start":{"line":28,"column":20},"end":{"line":28,"column":29}}]},"2":{"line":30,"type":"binary-expr","locations":[{"start":{"line":30,"column":23},"end":{"line":30,"column":37}},{"start":{"line":31,"column":20},"end":{"line":31,"column":61}},{"start":{"line":32,"column":20},"end":{"line":32,"column":70}},{"start":{"line":33,"column":20},"end":{"line":33,"column":26}}]},"3":{"line":37,"type":"cond-expr","locations":[{"start":{"line":38,"column":14},"end":{"line":38,"column":20}},{"start":{"line":39,"column":14},"end":{"line":39,"column":20}}]},"4":{"line":40,"type":"switch","locations":[{"start":{"line":42,"column":8},"end":{"line":47,"column":18}},{"start":{"line":49,"column":8},"end":{"line":52,"column":18}}]},"5":{"line":44,"type":"binary-expr","locations":[{"start":{"line":44,"column":16},"end":{"line":44,"column":44}},{"start":{"line":44,"column":48},"end":{"line":44,"column":66}}]},"6":{"line":50,"type":"binary-expr","locations":[{"start":{"line":50,"column":21},"end":{"line":50,"column":49}},{"start":{"line":50,"column":53},"end":{"line":50,"column":72}}]},"7":{"line":64,"type":"switch","locations":[{"start":{"line":69,"column":4},"end":{"line":70,"column":14}},{"start":{"line":75,"column":4},"end":{"line":76,"column":14}}]},"8":{"line":85,"type":"switch","locations":[{"start":{"line":90,"column":4},"end":{"line":105,"column":14}},{"start":{"line":111,"column":4},"end":{"line":193,"column":14},"skip":true}]},"9":{"line":91,"type":"binary-expr","locations":[{"start":{"line":91,"column":42},"end":{"line":91,"column":73}},{"start":{"line":91,"column":77},"end":{"line":99,"column":9}}]},"10":{"line":102,"type":"binary-expr","locations":[{"start":{"line":102,"column":18},"end":{"line":102,"column":32}},{"start":{"line":103,"column":12},"end":{"line":103,"column":53}},{"start":{"line":104,"column":12},"end":{"line":104,"column":61}}]},"11":{"line":112,"type":"binary-expr","locations":[{"start":{"line":112,"column":45},"end":{"line":112,"column":79},"skip":true},{"start":{"line":112,"column":83},"end":{"line":121,"column":9},"skip":true}]},"12":{"line":123,"type":"binary-expr","locations":[{"start":{"line":123,"column":42},"end":{"line":123,"column":73},"skip":true},{"start":{"line":123,"column":77},"end":{"line":136,"column":9},"skip":true}]},"13":{"line":138,"type":"binary-expr","locations":[{"start":{"line":138,"column":48},"end":{"line":138,"column":85},"skip":true},{"start":{"line":139,"column":12},"end":{"line":145,"column":13},"skip":true}]},"14":{"line":147,"type":"binary-expr","locations":[{"start":{"line":147,"column":42},"end":{"line":147,"column":73},"skip":true},{"start":{"line":147,"column":77},"end":{"line":156,"column":9},"skip":true}]},"15":{"line":158,"type":"binary-expr","locations":[{"start":{"line":158,"column":45},"end":{"line":158,"column":79},"skip":true},{"start":{"line":158,"column":83},"end":{"line":167,"column":9},"skip":true}]},"16":{"line":169,"type":"binary-expr","locations":[{"start":{"line":169,"column":43},"end":{"line":169,"column":75},"skip":true},{"start":{"line":169,"column":79},"end":{"line":178,"column":9},"skip":true}]},"17":{"line":180,"type":"binary-expr","locations":[{"start":{"line":180,"column":41},"end":{"line":180,"column":71},"skip":true},{"start":{"line":180,"column":75},"end":{"line":189,"column":9},"skip":true}]}},"code":["/* istanbul instrument in package npmtest_grunt_responsive_images */","/*jslint","    bitwise: true,","    browser: true,","    maxerr: 8,","    maxlen: 96,","    node: true,","    nomen: true,","    regexp: true,","    stupid: true","*/","(function () {","    'use strict';","    var local;","","","","    // run shared js-env code - pre-init","    (function () {","        // init local","        local = {};","        // init modeJs","        local.modeJs = (function () {","            try {","                return typeof navigator.userAgent === 'string' &&","                    typeof document.querySelector('body') === 'object' &&","                    typeof XMLHttpRequest.prototype.open === 'function' &&","                    'browser';","            } catch (errorCaughtBrowser) {","                return module.exports &&","                    typeof process.versions.node === 'string' &&","                    typeof require('http').createServer === 'function' &&","                    'node';","            }","        }());","        // init global","        local.global = local.modeJs === 'browser'","            ? window","            : global;","        switch (local.modeJs) {","        // re-init local from window.local","        case 'browser':","            local = local.global.utility2.objectSetDefault(","                local.global.utility2_rollup || local.global.local,","                local.global.utility2","            );","            break;","        // re-init local from example.js","        case 'node':","            local = (local.global.utility2_rollup || require('utility2'))","                .requireReadme();","            break;","        }","        // export local","        local.global.local = local;","    }());","","","","    // run shared js-env code - function","    (function () {","        return;","    }());","    switch (local.modeJs) {","","","","    // run browser js-env code - function","    case 'browser':","        break;","","","","    // run node js-env code - function","    case 'node':","        break;","    }","","","","    // run shared js-env code - post-init","    (function () {","        return;","    }());","    switch (local.modeJs) {","","","","    // run browser js-env code - post-init","    case 'browser':","        local.testCase_browser_nullCase = local.testCase_browser_nullCase || function (","            options,","            onError","        ) {","        /*","         * this function will test browsers's null-case handling-behavior-behavior","         */","            onError(null, options);","        };","","        // run tests","        local.nop(local.modeTest &&","            document.querySelector('#testRunButton1') &&","            document.querySelector('#testRunButton1').click());","        break;","","","","    // run node js-env code - post-init","    /* istanbul ignore next */","    case 'node':","        local.testCase_buildApidoc_default = local.testCase_buildApidoc_default || function (","            options,","            onError","        ) {","        /*","         * this function will test buildApidoc's default handling-behavior-behavior","         */","            options = { modulePathList: module.paths };","            local.buildApidoc(options, onError);","        };","","        local.testCase_buildApp_default = local.testCase_buildApp_default || function (","            options,","            onError","        ) {","        /*","         * this function will test buildApp's default handling-behavior-behavior","         */","            local.testCase_buildReadme_default(options, local.onErrorThrow);","            local.testCase_buildLib_default(options, local.onErrorThrow);","            local.testCase_buildTest_default(options, local.onErrorThrow);","            local.testCase_buildCustomOrg_default(options, local.onErrorThrow);","            options = [];","            local.buildApp(options, onError);","        };","","        local.testCase_buildCustomOrg_default = local.testCase_buildCustomOrg_default ||","            function (options, onError) {","            /*","             * this function will test buildCustomOrg's default handling-behavior","             */","                options = {};","                local.buildCustomOrg(options, onError);","            };","","        local.testCase_buildLib_default = local.testCase_buildLib_default || function (","            options,","            onError","        ) {","        /*","         * this function will test buildLib's default handling-behavior","         */","            options = {};","            local.buildLib(options, onError);","        };","","        local.testCase_buildReadme_default = local.testCase_buildReadme_default || function (","            options,","            onError","        ) {","        /*","         * this function will test buildReadme's default handling-behavior-behavior","         */","            options = {};","            local.buildReadme(options, onError);","        };","","        local.testCase_buildTest_default = local.testCase_buildTest_default || function (","            options,","            onError","        ) {","        /*","         * this function will test buildTest's default handling-behavior","         */","            options = {};","            local.buildTest(options, onError);","        };","","        local.testCase_webpage_default = local.testCase_webpage_default || function (","            options,","            onError","        ) {","        /*","         * this function will test webpage's default handling-behavior","         */","            options = { modeCoverageMerge: true, url: local.serverLocalHost + '?modeTest=1' };","            local.browserTest(options, onError);","        };","","        // run test-server","        local.testRunServer(local);","        break;","    }","}());",""],"l":{"12":2,"14":2,"19":2,"21":2,"23":2,"24":2,"25":2,"30":1,"37":2,"40":2,"43":1,"47":1,"50":1,"52":1,"55":2,"61":2,"62":2,"64":2,"70":1,"76":1,"82":2,"83":2,"85":2,"91":1,"98":1,"102":1,"105":1,"112":1,"119":1,"120":1,"123":1,"130":1,"131":1,"132":1,"133":1,"134":1,"135":1,"138":1,"143":2,"144":2,"147":1,"154":2,"155":2,"158":1,"165":2,"166":2,"169":1,"176":2,"177":2,"180":1,"187":1,"188":1,"192":1,"193":1}},"/home/travis/build/npmtest/node-npmtest-grunt-responsive-images/lib.npmtest_grunt_responsive_images.js":{"path":"/home/travis/build/npmtest/node-npmtest-grunt-responsive-images/lib.npmtest_grunt_responsive_images.js","s":{"1":2,"2":2,"3":2,"4":2,"5":2,"6":2,"7":2,"8":1,"9":2,"10":2,"11":2,"12":2,"13":1,"14":1,"15":1,"16":1},"b":{"1":[2,1,1,1],"2":[1,1,1,1],"3":[1,1],"4":[2,2],"5":[1,1]},"f":{"1":2,"2":2,"3":2},"fnMap":{"1":{"name":"(anonymous_1)","line":12,"loc":{"start":{"line":12,"column":1},"end":{"line":12,"column":13}}},"2":{"name":"(anonymous_2)","line":19,"loc":{"start":{"line":19,"column":5},"end":{"line":19,"column":17}}},"3":{"name":"(anonymous_3)","line":23,"loc":{"start":{"line":23,"column":24},"end":{"line":23,"column":36}}}},"statementMap":{"1":{"start":{"line":12,"column":0},"end":{"line":53,"column":5}},"2":{"start":{"line":14,"column":4},"end":{"line":14,"column":14}},"3":{"start":{"line":19,"column":4},"end":{"line":52,"column":9}},"4":{"start":{"line":21,"column":8},"end":{"line":21,"column":19}},"5":{"start":{"line":23,"column":8},"end":{"line":35,"column":13}},"6":{"start":{"line":24,"column":12},"end":{"line":34,"column":13}},"7":{"start":{"line":25,"column":16},"end":{"line":28,"column":30}},"8":{"start":{"line":30,"column":16},"end":{"line":33,"column":27}},"9":{"start":{"line":37,"column":8},"end":{"line":39,"column":21}},"10":{"start":{"line":41,"column":8},"end":{"line":41,"column":54}},"11":{"start":{"line":43,"column":8},"end":{"line":43,"column":68}},"12":{"start":{"line":45,"column":8},"end":{"line":51,"column":9}},"13":{"start":{"line":46,"column":12},"end":{"line":46,"column":74}},"14":{"start":{"line":48,"column":12},"end":{"line":48,"column":35}},"15":{"start":{"line":49,"column":12},"end":{"line":49,"column":49}},"16":{"start":{"line":50,"column":12},"end":{"line":50,"column":43}}},"branchMap":{"1":{"line":25,"type":"binary-expr","locations":[{"start":{"line":25,"column":23},"end":{"line":25,"column":62}},{"start":{"line":26,"column":20},"end":{"line":26,"column":70}},{"start":{"line":27,"column":20},"end":{"line":27,"column":71}},{"start":{"line":28,"column":20},"end":{"line":28,"column":29}}]},"2":{"line":30,"type":"binary-expr","locations":[{"start":{"line":30,"column":23},"end":{"line":30,"column":37}},{"start":{"line":31,"column":20},"end":{"line":31,"column":61}},{"start":{"line":32,"column":20},"end":{"line":32,"column":70}},{"start":{"line":33,"column":20},"end":{"line":33,"column":26}}]},"3":{"line":37,"type":"cond-expr","locations":[{"start":{"line":38,"column":14},"end":{"line":38,"column":20}},{"start":{"line":39,"column":14},"end":{"line":39,"column":20}}]},"4":{"line":41,"type":"binary-expr","locations":[{"start":{"line":41,"column":16},"end":{"line":41,"column":44}},{"start":{"line":41,"column":48},"end":{"line":41,"column":53}}]},"5":{"line":45,"type":"if","locations":[{"start":{"line":45,"column":8},"end":{"line":45,"column":8}},{"start":{"line":45,"column":8},"end":{"line":45,"column":8}}]}},"code":["/* istanbul instrument in package npmtest_grunt_responsive_images */","/*jslint","    bitwise: true,","    browser: true,","    maxerr: 8,","    maxlen: 96,","    node: true,","    nomen: true,","    regexp: true,","    stupid: true","*/","(function () {","    'use strict';","    var local;","","","","    // run shared js-env code - pre-init","    (function () {","        // init local","        local = {};","        // init modeJs","        local.modeJs = (function () {","            try {","                return typeof navigator.userAgent === 'string' &&","                    typeof document.querySelector('body') === 'object' &&","                    typeof XMLHttpRequest.prototype.open === 'function' &&","                    'browser';","            } catch (errorCaughtBrowser) {","                return module.exports &&","                    typeof process.versions.node === 'string' &&","                    typeof require('http').createServer === 'function' &&","                    'node';","            }","        }());","        // init global","        local.global = local.modeJs === 'browser'","            ? window","            : global;","        // init utility2_rollup","        local = local.global.utility2_rollup || local;","        // init lib","        local.local = local.npmtest_grunt_responsive_images = local;","        // init exports","        if (local.modeJs === 'browser') {","            local.global.utility2_npmtest_grunt_responsive_images = local;","        } else {","            module.exports = local;","            module.exports.__dirname = __dirname;","            module.exports.module = module;","        }","    }());","}());",""],"l":{"12":2,"14":2,"19":2,"21":2,"23":2,"24":2,"25":2,"30":1,"37":2,"41":2,"43":2,"45":2,"46":1,"48":1,"49":1,"50":1}},"/home/travis/build/npmtest/node-npmtest-grunt-responsive-images/example.js":{"path":"/home/travis/build/npmtest/node-npmtest-grunt-responsive-images/example.js","s":{"1":2,"2":2,"3":2,"4":2,"5":2,"6":2,"7":2,"8":1,"9":2,"10":2,"11":2,"12":2,"13":1,"14":2,"15":2,"16":2,"17":2,"18":2,"19":0,"20":2,"21":1,"22":1,"23":1,"24":1,"25":1,"26":0,"27":0,"28":1,"29":1,"30":2,"31":0,"32":0,"33":0,"34":1,"35":2,"36":2,"37":3,"38":3,"39":3,"40":3,"41":0,"42":3,"43":3,"44":3,"45":1,"46":3,"47":1,"48":1,"49":1,"50":1,"51":1,"52":1,"53":1,"54":1,"55":1,"56":1,"57":0,"58":1,"59":6,"60":6,"61":1,"62":2,"63":0,"64":2,"65":1,"66":1,"67":0,"68":0,"69":0,"70":0,"71":0,"72":0,"73":0,"74":0,"75":0,"76":0,"77":0,"78":0,"79":0,"80":0,"81":0,"82":0,"83":0},"b":{"1":[2,1,1,1],"2":[1,1,1,1],"3":[1,1],"4":[2,2],"5":[1,1],"6":[1,1],"7":[2,0],"8":[2,1,1,1,1,1],"9":[0,2,0],"10":[1,1],"11":[2,1,1],"12":[1,0],"13":[0,2],"14":[2,0,0,0,0,0,0],"15":[0,3],"16":[3,0],"17":[1,1],"18":[0,1],"19":[1,2,0,2],"20":[1,0],"21":[1,1],"22":[0,0],"23":[0,0],"24":[0,0],"25":[0,0],"26":[0,0],"27":[0,0],"28":[0,0]},"f":{"1":2,"2":2,"3":2,"4":2,"5":2,"6":2,"7":3,"8":3,"9":3,"10":1,"11":6,"12":0},"fnMap":{"1":{"name":"(anonymous_1)","line":26,"loc":{"start":{"line":26,"column":1},"end":{"line":26,"column":13}}},"2":{"name":"(anonymous_2)","line":33,"loc":{"start":{"line":33,"column":5},"end":{"line":33,"column":17}}},"3":{"name":"(anonymous_3)","line":37,"loc":{"start":{"line":37,"column":24},"end":{"line":37,"column":36}}},"4":{"name":"(anonymous_4)","line":69,"loc":{"start":{"line":69,"column":31},"end":{"line":69,"column":48}},"skip":true},"5":{"name":"(anonymous_5)","line":78,"loc":{"start":{"line":78,"column":26},"end":{"line":78,"column":45}},"skip":true},"6":{"name":"(anonymous_6)","line":123,"loc":{"start":{"line":123,"column":33},"end":{"line":123,"column":48}},"skip":true},"7":{"name":"(anonymous_7)","line":125,"loc":{"start":{"line":125,"column":27},"end":{"line":125,"column":39}},"skip":true},"8":{"name":"(anonymous_8)","line":133,"loc":{"start":{"line":133,"column":59},"end":{"line":133,"column":74}},"skip":true},"9":{"name":"(anonymous_9)","line":143,"loc":{"start":{"line":143,"column":45},"end":{"line":143,"column":62}},"skip":true},"10":{"name":"(anonymous_10)","line":144,"loc":{"start":{"line":144,"column":73},"end":{"line":144,"column":92}},"skip":true},"11":{"name":"(anonymous_11)","line":272,"loc":{"start":{"line":272,"column":51},"end":{"line":272,"column":77}},"skip":true},"12":{"name":"(anonymous_12)","line":315,"loc":{"start":{"line":315,"column":32},"end":{"line":315,"column":61}},"skip":true}},"statementMap":{"1":{"start":{"line":26,"column":0},"end":{"line":326,"column":5}},"2":{"start":{"line":28,"column":4},"end":{"line":28,"column":14}},"3":{"start":{"line":33,"column":4},"end":{"line":60,"column":9}},"4":{"start":{"line":35,"column":8},"end":{"line":35,"column":19}},"5":{"start":{"line":37,"column":8},"end":{"line":49,"column":13}},"6":{"start":{"line":38,"column":12},"end":{"line":48,"column":13}},"7":{"start":{"line":39,"column":16},"end":{"line":42,"column":30}},"8":{"start":{"line":44,"column":16},"end":{"line":47,"column":27}},"9":{"start":{"line":51,"column":8},"end":{"line":53,"column":21}},"10":{"start":{"line":55,"column":8},"end":{"line":57,"column":45}},"11":{"start":{"line":59,"column":8},"end":{"line":59,"column":35}},"12":{"start":{"line":61,"column":4},"end":{"line":325,"column":5}},"13":{"start":{"line":69,"column":8},"end":{"line":121,"column":10},"skip":true},"14":{"start":{"line":70,"column":12},"end":{"line":88,"column":13},"skip":true},"15":{"start":{"line":76,"column":16},"end":{"line":87,"column":19},"skip":true},"16":{"start":{"line":79,"column":20},"end":{"line":86,"column":21},"skip":true},"17":{"start":{"line":82,"column":24},"end":{"line":82,"column":43},"skip":true},"18":{"start":{"line":83,"column":24},"end":{"line":83,"column":30},"skip":true},"19":{"start":{"line":85,"column":24},"end":{"line":85,"column":49},"skip":true},"20":{"start":{"line":89,"column":12},"end":{"line":107,"column":13},"skip":true},"21":{"start":{"line":92,"column":16},"end":{"line":102,"column":17},"skip":true},"22":{"start":{"line":93,"column":20},"end":{"line":93,"column":86},"skip":true},"23":{"start":{"line":94,"column":20},"end":{"line":95,"column":45},"skip":true},"24":{"start":{"line":96,"column":20},"end":{"line":96,"column":42},"skip":true},"25":{"start":{"line":97,"column":20},"end":{"line":97,"column":48},"skip":true},"26":{"start":{"line":100,"column":20},"end":{"line":100,"column":85},"skip":true},"27":{"start":{"line":101,"column":20},"end":{"line":101,"column":96},"skip":true},"28":{"start":{"line":103,"column":16},"end":{"line":103,"column":22},"skip":true},"29":{"start":{"line":106,"column":16},"end":{"line":106,"column":22},"skip":true},"30":{"start":{"line":108,"column":12},"end":{"line":120,"column":13},"skip":true},"31":{"start":{"line":114,"column":16},"end":{"line":119,"column":17},"skip":true},"32":{"start":{"line":116,"column":20},"end":{"line":116,"column":78},"skip":true},"33":{"start":{"line":118,"column":20},"end":{"line":118,"column":47},"skip":true},"34":{"start":{"line":123,"column":8},"end":{"line":141,"column":11},"skip":true},"35":{"start":{"line":124,"column":12},"end":{"line":124,"column":54},"skip":true},"36":{"start":{"line":125,"column":12},"end":{"line":140,"column":14},"skip":true},"37":{"start":{"line":126,"column":16},"end":{"line":126,"column":28},"skip":true},"38":{"start":{"line":127,"column":16},"end":{"line":127,"column":69},"skip":true},"39":{"start":{"line":128,"column":16},"end":{"line":128,"column":75},"skip":true},"40":{"start":{"line":129,"column":16},"end":{"line":131,"column":17},"skip":true},"41":{"start":{"line":130,"column":20},"end":{"line":130,"column":27},"skip":true},"42":{"start":{"line":133,"column":16},"end":{"line":137,"column":36},"skip":true},"43":{"start":{"line":134,"column":20},"end":{"line":136,"column":55},"skip":true},"44":{"start":{"line":139,"column":16},"end":{"line":139,"column":57},"skip":true},"45":{"start":{"line":143,"column":8},"end":{"line":147,"column":11},"skip":true},"46":{"start":{"line":144,"column":12},"end":{"line":146,"column":15},"skip":true},"47":{"start":{"line":145,"column":16},"end":{"line":145,"column":70},"skip":true},"48":{"start":{"line":149,"column":8},"end":{"line":149,"column":31},"skip":true},"49":{"start":{"line":150,"column":8},"end":{"line":150,"column":14},"skip":true},"50":{"start":{"line":158,"column":8},"end":{"line":158,"column":31},"skip":true},"51":{"start":{"line":160,"column":8},"end":{"line":160,"column":33},"skip":true},"52":{"start":{"line":161,"column":8},"end":{"line":161,"column":37},"skip":true},"53":{"start":{"line":162,"column":8},"end":{"line":162,"column":35},"skip":true},"54":{"start":{"line":164,"column":8},"end":{"line":164,"column":50},"skip":true},"55":{"start":{"line":166,"column":8},"end":{"line":256,"column":2},"skip":true},"56":{"start":{"line":258,"column":8},"end":{"line":286,"column":9},"skip":true},"57":{"start":{"line":259,"column":12},"end":{"line":269,"column":14},"skip":true},"58":{"start":{"line":271,"column":12},"end":{"line":285,"column":19},"skip":true},"59":{"start":{"line":274,"column":20},"end":{"line":274,"column":35},"skip":true},"60":{"start":{"line":275,"column":20},"end":{"line":284,"column":21},"skip":true},"61":{"start":{"line":277,"column":24},"end":{"line":277,"column":64},"skip":true},"62":{"start":{"line":279,"column":24},"end":{"line":279,"column":40},"skip":true},"63":{"start":{"line":281,"column":24},"end":{"line":281,"column":40},"skip":true},"64":{"start":{"line":283,"column":24},"end":{"line":283,"column":39},"skip":true},"65":{"start":{"line":288,"column":8},"end":{"line":290,"column":9},"skip":true},"66":{"start":{"line":289,"column":12},"end":{"line":289,"column":18},"skip":true},"67":{"start":{"line":291,"column":8},"end":{"line":293,"column":54},"skip":true},"68":{"start":{"line":296,"column":8},"end":{"line":301,"column":37},"skip":true},"69":{"start":{"line":303,"column":8},"end":{"line":303,"column":82},"skip":true},"70":{"start":{"line":306,"column":8},"end":{"line":308,"column":9},"skip":true},"71":{"start":{"line":307,"column":12},"end":{"line":307,"column":82},"skip":true},"72":{"start":{"line":310,"column":8},"end":{"line":312,"column":9},"skip":true},"73":{"start":{"line":311,"column":12},"end":{"line":311,"column":18},"skip":true},"74":{"start":{"line":313,"column":8},"end":{"line":313,"column":54},"skip":true},"75":{"start":{"line":314,"column":8},"end":{"line":314,"column":69},"skip":true},"76":{"start":{"line":315,"column":8},"end":{"line":323,"column":36},"skip":true},"77":{"start":{"line":316,"column":12},"end":{"line":316,"column":61},"skip":true},"78":{"start":{"line":317,"column":12},"end":{"line":320,"column":13},"skip":true},"79":{"start":{"line":318,"column":16},"end":{"line":318,"column":75},"skip":true},"80":{"start":{"line":319,"column":16},"end":{"line":319,"column":23},"skip":true},"81":{"start":{"line":321,"column":12},"end":{"line":321,"column":38},"skip":true},"82":{"start":{"line":322,"column":12},"end":{"line":322,"column":27},"skip":true},"83":{"start":{"line":324,"column":8},"end":{"line":324,"column":14},"skip":true}},"branchMap":{"1":{"line":39,"type":"binary-expr","locations":[{"start":{"line":39,"column":23},"end":{"line":39,"column":62}},{"start":{"line":40,"column":20},"end":{"line":40,"column":70}},{"start":{"line":41,"column":20},"end":{"line":41,"column":71}},{"start":{"line":42,"column":20},"end":{"line":42,"column":29}}]},"2":{"line":44,"type":"binary-expr","locations":[{"start":{"line":44,"column":23},"end":{"line":44,"column":37}},{"start":{"line":45,"column":20},"end":{"line":45,"column":61}},{"start":{"line":46,"column":20},"end":{"line":46,"column":70}},{"start":{"line":47,"column":20},"end":{"line":47,"column":26}}]},"3":{"line":51,"type":"cond-expr","locations":[{"start":{"line":52,"column":14},"end":{"line":52,"column":20}},{"start":{"line":53,"column":14},"end":{"line":53,"column":20}}]},"4":{"line":55,"type":"binary-expr","locations":[{"start":{"line":55,"column":16},"end":{"line":55,"column":44}},{"start":{"line":55,"column":49},"end":{"line":57,"column":43}}]},"5":{"line":55,"type":"cond-expr","locations":[{"start":{"line":56,"column":14},"end":{"line":56,"column":67}},{"start":{"line":57,"column":14},"end":{"line":57,"column":43}}]},"6":{"line":61,"type":"switch","locations":[{"start":{"line":68,"column":4},"end":{"line":150,"column":14},"skip":true},{"start":{"line":156,"column":4},"end":{"line":324,"column":14},"skip":true}]},"7":{"line":70,"type":"if","locations":[{"start":{"line":70,"column":12},"end":{"line":70,"column":12},"skip":true},{"start":{"line":70,"column":12},"end":{"line":70,"column":12},"skip":true}]},"8":{"line":70,"type":"binary-expr","locations":[{"start":{"line":70,"column":16},"end":{"line":70,"column":22},"skip":true},{"start":{"line":70,"column":27},"end":{"line":70,"column":32},"skip":true},{"start":{"line":71,"column":20},"end":{"line":71,"column":39},"skip":true},{"start":{"line":72,"column":20},"end":{"line":72,"column":49},"skip":true},{"start":{"line":73,"column":20},"end":{"line":73,"column":58},"skip":true},{"start":{"line":74,"column":20},"end":{"line":74,"column":69},"skip":true}]},"9":{"line":79,"type":"switch","locations":[{"start":{"line":80,"column":20},"end":{"line":80,"column":33},"skip":true},{"start":{"line":81,"column":20},"end":{"line":83,"column":30},"skip":true},{"start":{"line":84,"column":20},"end":{"line":85,"column":49},"skip":true}]},"10":{"line":89,"type":"switch","locations":[{"start":{"line":90,"column":12},"end":{"line":103,"column":22},"skip":true},{"start":{"line":105,"column":12},"end":{"line":106,"column":22},"skip":true}]},"11":{"line":89,"type":"binary-expr","locations":[{"start":{"line":89,"column":20},"end":{"line":89,"column":25},"skip":true},{"start":{"line":89,"column":29},"end":{"line":89,"column":48},"skip":true},{"start":{"line":89,"column":52},"end":{"line":89,"column":74},"skip":true}]},"12":{"line":92,"type":"if","locations":[{"start":{"line":92,"column":16},"end":{"line":92,"column":16},"skip":true},{"start":{"line":92,"column":16},"end":{"line":92,"column":16},"skip":true}]},"13":{"line":108,"type":"if","locations":[{"start":{"line":108,"column":12},"end":{"line":108,"column":12},"skip":true},{"start":{"line":108,"column":12},"end":{"line":108,"column":12},"skip":true}]},"14":{"line":108,"type":"binary-expr","locations":[{"start":{"line":108,"column":16},"end":{"line":108,"column":61},"skip":true},{"start":{"line":108,"column":66},"end":{"line":108,"column":72},"skip":true},{"start":{"line":108,"column":77},"end":{"line":108,"column":82},"skip":true},{"start":{"line":109,"column":20},"end":{"line":109,"column":39},"skip":true},{"start":{"line":110,"column":20},"end":{"line":110,"column":49},"skip":true},{"start":{"line":111,"column":20},"end":{"line":111,"column":58},"skip":true},{"start":{"line":112,"column":20},"end":{"line":112,"column":68},"skip":true}]},"15":{"line":129,"type":"if","locations":[{"start":{"line":129,"column":16},"end":{"line":129,"column":16},"skip":true},{"start":{"line":129,"column":16},"end":{"line":129,"column":16},"skip":true}]},"16":{"line":134,"type":"cond-expr","locations":[{"start":{"line":135,"column":26},"end":{"line":135,"column":29},"skip":true},{"start":{"line":136,"column":26},"end":{"line":136,"column":54},"skip":true}]},"17":{"line":164,"type":"binary-expr","locations":[{"start":{"line":164,"column":27},"end":{"line":164,"column":43},"skip":true},{"start":{"line":164,"column":47},"end":{"line":164,"column":49},"skip":true}]},"18":{"line":258,"type":"if","locations":[{"start":{"line":258,"column":8},"end":{"line":258,"column":8},"skip":true},{"start":{"line":258,"column":8},"end":{"line":258,"column":8},"skip":true}]},"19":{"line":275,"type":"switch","locations":[{"start":{"line":276,"column":20},"end":{"line":277,"column":64},"skip":true},{"start":{"line":278,"column":20},"end":{"line":279,"column":40},"skip":true},{"start":{"line":280,"column":20},"end":{"line":281,"column":40},"skip":true},{"start":{"line":282,"column":20},"end":{"line":283,"column":39},"skip":true}]},"20":{"line":288,"type":"if","locations":[{"start":{"line":288,"column":8},"end":{"line":288,"column":8},"skip":true},{"start":{"line":288,"column":8},"end":{"line":288,"column":8},"skip":true}]},"21":{"line":288,"type":"binary-expr","locations":[{"start":{"line":288,"column":12},"end":{"line":288,"column":40},"skip":true},{"start":{"line":288,"column":44},"end":{"line":288,"column":67},"skip":true}]},"22":{"line":292,"type":"binary-expr","locations":[{"start":{"line":292,"column":12},"end":{"line":292,"column":50},"skip":true},{"start":{"line":293,"column":12},"end":{"line":293,"column":53},"skip":true}]},"23":{"line":297,"type":"binary-expr","locations":[{"start":{"line":297,"column":12},"end":{"line":297,"column":81},"skip":true},{"start":{"line":298,"column":12},"end":{"line":301,"column":36},"skip":true}]},"24":{"line":303,"type":"binary-expr","locations":[{"start":{"line":303,"column":43},"end":{"line":303,"column":75},"skip":true},{"start":{"line":303,"column":79},"end":{"line":303,"column":81},"skip":true}]},"25":{"line":306,"type":"if","locations":[{"start":{"line":306,"column":8},"end":{"line":306,"column":8},"skip":true},{"start":{"line":306,"column":8},"end":{"line":306,"column":8},"skip":true}]},"26":{"line":310,"type":"if","locations":[{"start":{"line":310,"column":8},"end":{"line":310,"column":8},"skip":true},{"start":{"line":310,"column":8},"end":{"line":310,"column":8},"skip":true}]},"27":{"line":313,"type":"binary-expr","locations":[{"start":{"line":313,"column":27},"end":{"line":313,"column":43},"skip":true},{"start":{"line":313,"column":47},"end":{"line":313,"column":53},"skip":true}]},"28":{"line":317,"type":"if","locations":[{"start":{"line":317,"column":12},"end":{"line":317,"column":12},"skip":true},{"start":{"line":317,"column":12},"end":{"line":317,"column":12},"skip":true}]}},"code":["/*","example.js","","quickstart example","","instruction","    1. save this script as example.js","    2. run the shell command:","        $ npm install npmtest-grunt-responsive-images && PORT=8081 node example.js","    3. play with the browser-demo on http://127.0.0.1:8081","*/","","","","/* istanbul instrument in package npmtest_grunt_responsive_images */","/*jslint","    bitwise: true,","    browser: true,","    maxerr: 8,","    maxlen: 96,","    node: true,","    nomen: true,","    regexp: true,","    stupid: true","*/","(function () {","    'use strict';","    var local;","","","","    // run shared js-env code - pre-init","    (function () {","        // init local","        local = {};","        // init modeJs","        local.modeJs = (function () {","            try {","                return typeof navigator.userAgent === 'string' &&","                    typeof document.querySelector('body') === 'object' &&","                    typeof XMLHttpRequest.prototype.open === 'function' &&","                    'browser';","            } catch (errorCaughtBrowser) {","                return module.exports &&","                    typeof process.versions.node === 'string' &&","                    typeof require('http').createServer === 'function' &&","                    'node';","            }","        }());","        // init global","        local.global = local.modeJs === 'browser'","            ? window","            : global;","        // init utility2_rollup","        local = local.global.utility2_rollup || (local.modeJs === 'browser'","            ? local.global.utility2_npmtest_grunt_responsive_images","            : global.utility2_moduleExports);","        // export local","        local.global.local = local;","    }());","    switch (local.modeJs) {","","","","    // post-init","    // run browser js-env code - post-init","    /* istanbul ignore next */","    case 'browser':","        local.testRunBrowser = function (event) {","            if (!event || (event &&","                    event.currentTarget &&","                    event.currentTarget.className &&","                    event.currentTarget.className.includes &&","                    event.currentTarget.className.includes('onreset'))) {","                // reset output","                Array.from(","                    document.querySelectorAll('body > .resettable')","                ).forEach(function (element) {","                    switch (element.tagName) {","                    case 'INPUT':","                    case 'TEXTAREA':","                        element.value = '';","                        break;","                    default:","                        element.textContent = '';","                    }","                });","            }","            switch (event && event.currentTarget && event.currentTarget.id) {","            case 'testRunButton1':","                // show tests","                if (document.querySelector('#testReportDiv1').style.display === 'none') {","                    document.querySelector('#testReportDiv1').style.display = 'block';","                    document.querySelector('#testRunButton1').textContent =","                        'hide internal test';","                    local.modeTest = true;","                    local.testRunDefault(local);","                // hide tests","                } else {","                    document.querySelector('#testReportDiv1').style.display = 'none';","                    document.querySelector('#testRunButton1').textContent = 'run internal test';","                }","                break;","            // custom-case","            default:","                break;","            }","            if (document.querySelector('#inputTextareaEval1') && (!event || (event &&","                    event.currentTarget &&","                    event.currentTarget.className &&","                    event.currentTarget.className.includes &&","                    event.currentTarget.className.includes('oneval')))) {","                // try to eval input-code","                try {","                    /*jslint evil: true*/","                    eval(document.querySelector('#inputTextareaEval1').value);","                } catch (errorCaught) {","                    console.error(errorCaught);","                }","            }","        };","        // log stderr and stdout to #outputTextareaStdout1","        ['error', 'log'].forEach(function (key) {","            console[key + '_original'] = console[key];","            console[key] = function () {","                var element;","                console[key + '_original'].apply(console, arguments);","                element = document.querySelector('#outputTextareaStdout1');","                if (!element) {","                    return;","                }","                // append text to #outputTextareaStdout1","                element.value += Array.from(arguments).map(function (arg) {","                    return typeof arg === 'string'","                        ? arg","                        : JSON.stringify(arg, null, 4);","                }).join(' ') + '\\n';","                // scroll textarea to bottom","                element.scrollTop = element.scrollHeight;","            };","        });","        // init event-handling","        ['change', 'click', 'keyup'].forEach(function (event) {","            Array.from(document.querySelectorAll('.on' + event)).forEach(function (element) {","                element.addEventListener(event, local.testRunBrowser);","            });","        });","        // run tests","        local.testRunBrowser();","        break;","","","","    // run node js-env code - post-init","    /* istanbul ignore next */","    case 'node':","        // export local","        module.exports = local;","        // require modules","        local.fs = require('fs');","        local.http = require('http');","        local.url = require('url');","        // init assets","        local.assetsDict = local.assetsDict || {};","        /* jslint-ignore-begin */","        local.assetsDict['/assets.index.template.html'] = '\\","<!doctype html>\\n\\","<html lang=\"en\">\\n\\","<head>\\n\\","<meta charset=\"UTF-8\">\\n\\","<meta name=\"viewport\" content=\"width=device-width, initial-scale=1\">\\n\\","<title>{{env.npm_package_name}} (v{{env.npm_package_version}})</title>\\n\\","<style>\\n\\","/*csslint\\n\\","    box-sizing: false,\\n\\","    universal-selector: false\\n\\","*/\\n\\","* {\\n\\","    box-sizing: border-box;\\n\\","}\\n\\","body {\\n\\","    background: #dde;\\n\\","    font-family: Arial, Helvetica, sans-serif;\\n\\","    margin: 2rem;\\n\\","}\\n\\","body > * {\\n\\","    margin-bottom: 1rem;\\n\\","}\\n\\",".utility2FooterDiv {\\n\\","    margin-top: 20px;\\n\\","    text-align: center;\\n\\","}\\n\\","</style>\\n\\","<style>\\n\\","/*csslint\\n\\","*/\\n\\","textarea {\\n\\","    font-family: monospace;\\n\\","    height: 10rem;\\n\\","    width: 100%;\\n\\","}\\n\\","textarea[readonly] {\\n\\","    background: #ddd;\\n\\","}\\n\\","</style>\\n\\","</head>\\n\\","<body>\\n\\","<!-- utility2-comment\\n\\","<div id=\"ajaxProgressDiv1\" style=\"background: #d00; height: 2px; left: 0; margin: 0; padding: 0; position: fixed; top: 0; transition: background 0.5s, width 1.5s; width: 25%;\"></div>\\n\\","utility2-comment -->\\n\\","<h1>\\n\\","<!-- utility2-comment\\n\\","    <a\\n\\","        {{#if env.npm_package_homepage}}\\n\\","        href=\"{{env.npm_package_homepage}}\"\\n\\","        {{/if env.npm_package_homepage}}\\n\\","        target=\"_blank\"\\n\\","    >\\n\\","utility2-comment -->\\n\\","        {{env.npm_package_name}} (v{{env.npm_package_version}})\\n\\","<!-- utility2-comment\\n\\","    </a>\\n\\","utility2-comment -->\\n\\","</h1>\\n\\","<h3>{{env.npm_package_description}}</h3>\\n\\","<!-- utility2-comment\\n\\","<h4><a download href=\"assets.app.js\">download standalone app</a></h4>\\n\\","<button class=\"onclick onreset\" id=\"testRunButton1\">run internal test</button><br>\\n\\","<div id=\"testReportDiv1\" style=\"display: none;\"></div>\\n\\","utility2-comment -->\\n\\","\\n\\","\\n\\","\\n\\","<label>stderr and stdout</label>\\n\\","<textarea class=\"resettable\" id=\"outputTextareaStdout1\" readonly></textarea>\\n\\","<!-- utility2-comment\\n\\","{{#if isRollup}}\\n\\","<script src=\"assets.app.js\"></script>\\n\\","{{#unless isRollup}}\\n\\","utility2-comment -->\\n\\","<script src=\"assets.utility2.rollup.js\"></script>\\n\\","<script src=\"jsonp.utility2._stateInit?callback=window.utility2._stateInit\"></script>\\n\\","<script src=\"assets.npmtest_grunt_responsive_images.rollup.js\"></script>\\n\\","<script src=\"assets.example.js\"></script>\\n\\","<script src=\"assets.test.js\"></script>\\n\\","<!-- utility2-comment\\n\\","{{/if isRollup}}\\n\\","utility2-comment -->\\n\\","<div class=\"utility2FooterDiv\">\\n\\","    [ this app was created with\\n\\","    <a href=\"https://github.com/kaizhu256/node-utility2\" target=\"_blank\">utility2</a>\\n\\","    ]\\n\\","</div>\\n\\","</body>\\n\\","</html>\\n\\","';","        /* jslint-ignore-end */","        if (local.templateRender) {","            local.assetsDict['/'] = local.templateRender(","                local.assetsDict['/assets.index.template.html'],","                {","                    env: local.objectSetDefault(local.env, {","                        npm_package_description: 'the greatest app in the world!',","                        npm_package_name: 'my-app',","                        npm_package_nameAlias: 'my_app',","                        npm_package_version: '0.0.1'","                    })","                }","            );","        } else {","            local.assetsDict['/'] = local.assetsDict['/assets.index.template.html']","                .replace((/\\{\\{env\\.(\\w+?)\\}\\}/g), function (match0, match1) {","                    // jslint-hack","                    String(match0);","                    switch (match1) {","                    case 'npm_package_description':","                        return 'the greatest app in the world!';","                    case 'npm_package_name':","                        return 'my-app';","                    case 'npm_package_nameAlias':","                        return 'my_app';","                    case 'npm_package_version':","                        return '0.0.1';","                    }","                });","        }","        // run the cli","        if (local.global.utility2_rollup || module !== require.main) {","            break;","        }","        local.assetsDict['/assets.example.js'] =","            local.assetsDict['/assets.example.js'] ||","            local.fs.readFileSync(__filename, 'utf8');","        // bug-workaround - long $npm_package_buildCustomOrg","        /* jslint-ignore-begin */","        local.assetsDict['/assets.npmtest_grunt_responsive_images.rollup.js'] =","            local.assetsDict['/assets.npmtest_grunt_responsive_images.rollup.js'] ||","            local.fs.readFileSync(","                local.npmtest_grunt_responsive_images.__dirname + '/lib.npmtest_grunt_responsive_images.js',","                'utf8'","            ).replace((/^#!/), '//');","        /* jslint-ignore-end */","        local.assetsDict['/favicon.ico'] = local.assetsDict['/favicon.ico'] || '';","        // if $npm_config_timeout_exit exists,","        // then exit this process after $npm_config_timeout_exit ms","        if (Number(process.env.npm_config_timeout_exit)) {","            setTimeout(process.exit, Number(process.env.npm_config_timeout_exit));","        }","        // start server","        if (local.global.utility2_serverHttp1) {","            break;","        }","        process.env.PORT = process.env.PORT || '8081';","        console.error('server starting on port ' + process.env.PORT);","        local.http.createServer(function (request, response) {","            request.urlParsed = local.url.parse(request.url);","            if (local.assetsDict[request.urlParsed.pathname] !== undefined) {","                response.end(local.assetsDict[request.urlParsed.pathname]);","                return;","            }","            response.statusCode = 404;","            response.end();","        }).listen(process.env.PORT);","        break;","    }","}());",""],"l":{"26":2,"28":2,"33":2,"35":2,"37":2,"38":2,"39":2,"44":1,"51":2,"55":2,"59":2,"61":2,"69":1,"70":2,"76":2,"79":2,"82":2,"83":2,"85":1,"89":2,"92":1,"93":1,"94":1,"96":1,"97":1,"100":1,"101":1,"103":1,"106":1,"108":2,"114":1,"116":1,"118":1,"123":1,"124":2,"125":2,"126":3,"127":3,"128":3,"129":3,"130":1,"133":3,"134":3,"139":3,"143":1,"144":3,"145":1,"149":1,"150":1,"158":1,"160":1,"161":1,"162":1,"164":1,"166":1,"258":1,"259":1,"271":1,"274":6,"275":6,"277":1,"279":2,"281":1,"283":2,"288":1,"289":1,"291":1,"296":1,"303":1,"306":1,"307":1,"310":1,"311":1,"313":1,"314":1,"315":1,"316":1,"317":1,"318":1,"319":1,"321":1,"322":1,"324":1}},"/home/travis/build/npmtest/node-npmtest-grunt-responsive-images/node_modules/grunt-responsive-images/Gruntfile.js":{"path":"/home/travis/build/npmtest/node-npmtest-grunt-responsive-images/node_modules/grunt-responsive-images/Gruntfile.js","s":{"1":1,"2":0,"3":0,"4":0,"5":0,"6":0,"7":0,"8":0},"b":{},"f":{"1":0},"fnMap":{"1":{"name":"(anonymous_1)","line":11,"loc":{"start":{"line":11,"column":17},"end":{"line":11,"column":33}}}},"statementMap":{"1":{"start":{"line":11,"column":0},"end":{"line":421,"column":2}},"2":{"start":{"line":14,"column":2},"end":{"line":404,"column":5}},"3":{"start":{"line":407,"column":2},"end":{"line":407,"column":27}},"4":{"start":{"line":410,"column":2},"end":{"line":410,"column":45}},"5":{"start":{"line":411,"column":2},"end":{"line":411,"column":44}},"6":{"start":{"line":412,"column":2},"end":{"line":412,"column":47}},"7":{"start":{"line":416,"column":2},"end":{"line":416,"column":73}},"8":{"start":{"line":419,"column":2},"end":{"line":419,"column":52}}},"branchMap":{},"code":["/*"," * grunt-responsive-images"," * https://github.com/andismith/grunt-responsive-images"," *"," * Copyright (c) 2013 andismith"," * Licensed under the MIT license."," */","","'use strict';","","module.exports = function(grunt) {","","  // Project configuration.","  grunt.initConfig({","    jshint: {","      all: [","        'Gruntfile.js',","        'tasks/*.js',","        '<%= nodeunit.tests %>'","      ],","      options: {","        jshintrc: '.jshintrc'","      }","    },","","    // Before generating any new files, remove any previously-created files.","    clean: {","      tests: ['tmp', '!tmp/new_files_only/magikarp-200.png', '!tmp/new_files_only/magikarp-300.png']","    },","","    // Configuration to be run (and then tested).","    responsive_images: {","      options: {","        engine: 'im'","      },","      default_options: {","        options: {","        },","        files: {","          'tmp/default_options/minions.jpg': 'test/assets/default_options/minions.jpg'","        }","      },","      no_files: {","        options: {","          sizes: [{","            width: 320","          }]","        },","        files: [{","          expand: true,","          src: ['no_files/**/*.{jpg,gif,png}'],","          cwd: 'test/assets/',","          dest: 'tmp/'","        }]","      },","      file_wildcard_options: {","        options: {","          sizes: [{","            aspectRatio: false,","            height: 240,","            name: 'small',","            width: 320","          },{","            aspectRatio: false,","            height: 480,","            name: 'medium',","            width: 640","          },{","            aspectRatio: false,","            height: 768,","            name: 'large',","            width: 1024","          }]","        },","        files: [{","          expand: true,","          src: ['file_wildcard_options/**.{jpg,gif,png}'],","          cwd: 'test/assets/',","          dest: 'tmp/'","        }]","      },","      custom_options: {","        options: {","          sizes: [{","            width: 110,","            name: \"small\",","            quality: 40","          },{","            width: 220,","            quality: 100","          },{","            width: 330,","            name: \"large\",","            quality: 80","          },{","            width: 660,","            name: \"large\",","            suffix: \"_x2\",  // retina gfx","            quality: 50","          },{","            createNoScaledImage: true,","            width: 1660,","            name: \"largest\",","            quality: 50","          }]","        },","        files: [{","          expand: true,","          src: ['custom_options/**.{jpg,gif,png}'],","          cwd: 'test/assets/',","          dest: 'tmp/'","        }]","      },","      pixel_sizes: {","        options: {","          sizes: [{","              aspectRatio: false,","              width: '10px'","            },{","              aspectRatio: false,","              height: '50px',","              width: '50px'","            },{","              aspectRatio: false,","              height: '500px',","              width: '200px'","            }]","        },","        files: [{","          expand: true,","          src: ['pixel_sizes/**/*.{jpg,gif,png}'],","          cwd: 'test/assets/',","          dest: 'tmp/'","        }]","      },","      pixel_sizes_custom_unit: {","        options: {","          units: {","            pixel: 'abc123'","          },","          sizes: [{","            aspectRatio: false,","            width: '20px',","          },{","            aspectRatio: false,","            height: '50px',","            width: '80px',","          },{","            aspectRatio: false,","            height: '500px',","            width: '500px'","          }]","        },","        files: [{","          expand: true,","          src: ['pixel_sizes_custom_unit/**/*.{jpg,gif,png}'],","          cwd: 'test/assets/',","          dest: 'tmp/'","        }]","      },","      percentage_sizes: {","        options: {","          sizes: [{","            width: '10%',","          },{","            height: '50%',","            width: '50%',","          },{","            height: '80%',","            width: '200%'","          }]","        },","        files: [{","          expand: true,","          src: ['percentage_sizes/**/*.{jpg,gif,png}'],","          cwd: 'test/assets/',","          dest: 'tmp/'","        }]","      },","      percentage_sizes_custom_unit: {","        options: {","          units: {","            percentage: 'abc123'","          },","          sizes: [{","            width: '10%',","          },{","            height: '50%',","            width: '50%',","          },{","            height: '80%',","            width: '200%'","          }]","        },","        files: [{","          expand: true,","          src: ['percentage_sizes_custom_unit/**/*.{jpg,gif,png}'],","          cwd: 'test/assets/',","          dest: 'tmp/'","        }]","      },","      custom_multiply_unit: {","        options: {","          units: {","            multiply: 'abc123'","          },","          sizes: [{","            width: '10%',","          },{","            height: '50%',","            width: '50%',","          },{","            height: '450px',","            width: '800px'","          }]","        },","        files: [{","          expand: true,","          src: ['custom_multiply_unit/**/*.{jpg,gif,png}'],","          cwd: 'test/assets/',","          dest: 'tmp/'","        }]","      },","      custom_dest_width: {","        options: {","          sizes: [{","            aspectRatio: false,","            upscale: true,","            width: 320","          },{","            aspectRatio: false,","            upscale: true,","            width: 640","          },{","            aspectRatio: false,","            upscale: true,","            width: 1024","          }]","        },","        files: [{","          expand: true,","          src: ['**/*.{jpg,gif,png}'],","          cwd: 'test/assets/custom_dest_width/',","          custom_dest: 'tmp/custom_dest_width/{%= width %}/'","        }]","      },","      custom_dest_name: {","        options: {","          sizes: [{","            width: 100,","            name: \"leo\"","          },{","            width: 200,","            name: \"donnie\"","          },{","            width: 400,","            name: \"raph\"","          }]","        },","        files: [{","          expand: true,","          src: ['**/*.{jpg,gif,png}'],","          cwd: 'test/assets/custom_dest_name/',","          custom_dest: 'tmp/custom_dest_name/{%= name %}/'","        }]","      },","      custom_dest_path: {","        options: {","          sizes: [{","            width: 320","          },{","            width: 640","          },{","            width: 1024","          }]","        },","        files: [{","          expand: true,","          src: ['**/*.{jpg,gif,png}'],","          cwd: 'test/assets/custom_dest_path/',","          custom_dest: 'tmp/custom_dest_path/{%= width %}/{%= path %}'","        }]","      },","      rename: {","        options: {","          sizes: [{","            width: \"100%\",","            name: \"unchanged\",","            rename: false","          },{","            width: \"50%\",","            name: \"half\"","          }]","        },","        files: [{","          expand: true,","          src: ['rename/**.{jpg,gif,png}'],","          cwd: 'test/assets/',","          dest: 'tmp/'","        }]","      },","      filters: {","        options: {","          sizes: [{","            filter: 'Point',","            upscale: true,","            width: 320","          },{","            filter: 'Point',","            upscale: true,","            width: 640","          },{","            filter: 'Point',","            upscale: true,","            width: 1024","          }]","        },","        files: [{","          expand: true,","          src: ['filters/**/*.{jpg,gif,png}'],","          cwd: 'test/assets/',","          dest: 'tmp/'","        }]","      },","      global_quality: {","        options: {","          tryAnimated: true,","          quality: 80,","          sizes: [{","            width: 320","          },{","            width: 640","          },{","            width: 1024","          }]","        },","        files: [{","          expand: true,","          src: ['global_quality/**/*.{jpg,gif,png}'],","          cwd: 'test/assets/',","          dest: 'tmp/'","        }]","      },","      animated: {","        options: {","          tryAnimated: true,","          quality: 80,","          sizes: [{","            width: 320","          }]","        },","        files: [{","          expand: true,","          src: ['animated/**/*.gif'],","          cwd: 'test/assets/',","          dest: 'tmp/'","        }]","      },","      new_files_only_prep: {","        options: {","          sizes: [{","              aspectRatio: false,","              width: '200px'","            },{","              aspectRatio: false,","              width: '300px'","            }]","        },","        files: [{","          expand: true,","          src: ['new_files_only/gummi-bears.jpg'],","          cwd: 'test/assets/',","          dest: 'tmp/'","        }]","      },","      new_files_only: {","        options: {","          newFilesOnly: true,","          sizes: [{","              aspectRatio: false,","              width: '100px'","            },{","              aspectRatio: false,","              width: '200px'","            },{","              aspectRatio: false,","              width: '300px'","            }]","        },","        files: [{","          expand: true,","          src: ['new_files_only/**/*.{jpg,gif,png}'],","          cwd: 'test/assets/',","          dest: 'tmp/'","        }]","      }","    },","","    // Unit tests.","    nodeunit: {","      tests: ['test/**/*_test.js']","    }","","  });","","  // Actually load this plugin's task(s).","  grunt.loadTasks('tasks');","","  // These plugins provide necessary tasks.","  grunt.loadNpmTasks('grunt-contrib-jshint');","  grunt.loadNpmTasks('grunt-contrib-clean');","  grunt.loadNpmTasks('grunt-contrib-nodeunit');","","  // Whenever the \"test\" task is run, first clean the \"tmp\" dir, then run this","  // plugin's task(s), then test the result.","  grunt.registerTask('test', ['clean', 'responsive_images', 'nodeunit']);","","  // By default, lint and run all tests.","  grunt.registerTask('default', ['jshint', 'test']);","","};",""],"l":{"11":1,"14":0,"407":0,"410":0,"411":0,"412":0,"416":0,"419":0}},"/home/travis/build/npmtest/node-npmtest-grunt-responsive-images/node_modules/grunt-responsive-images/tasks/responsive_images.js":{"path":"/home/travis/build/npmtest/node-npmtest-grunt-responsive-images/node_modules/grunt-responsive-images/tasks/responsive_images.js","s":{"1":1,"2":0,"3":0,"4":0,"5":0,"6":0,"7":0,"8":0,"9":0,"10":0,"11":0,"12":0,"13":0,"14":0,"15":0,"16":0,"17":0,"18":0,"19":0,"20":0,"21":0,"22":0,"23":0,"24":0,"25":0,"26":0,"27":0,"28":0,"29":0,"30":0,"31":0,"32":0,"33":0,"34":0,"35":0,"36":0,"37":0,"38":0,"39":0,"40":0,"41":0,"42":0,"43":0,"44":0,"45":0,"46":0,"47":0,"48":0,"49":0,"50":0,"51":0,"52":0,"53":0,"54":0,"55":0,"56":0,"57":0,"58":0,"59":0,"60":0,"61":0,"62":0,"63":0,"64":0,"65":0,"66":0,"67":0,"68":0,"69":0,"70":0,"71":0,"72":0,"73":0,"74":0,"75":0,"76":0,"77":0,"78":0,"79":0,"80":0,"81":0,"82":0,"83":0,"84":0,"85":0,"86":0,"87":0,"88":0,"89":0,"90":0,"91":0,"92":0,"93":0,"94":0,"95":0,"96":0,"97":0,"98":0,"99":0,"100":0,"101":0,"102":0,"103":0,"104":0,"105":0,"106":0,"107":0,"108":0,"109":0,"110":0,"111":0,"112":0,"113":0,"114":0,"115":0,"116":0,"117":0,"118":0,"119":0,"120":0,"121":0,"122":0,"123":0,"124":0,"125":0,"126":0,"127":0,"128":0,"129":0,"130":0,"131":0,"132":0,"133":0,"134":0,"135":0,"136":0,"137":0,"138":0,"139":0,"140":0,"141":0,"142":0,"143":0,"144":0,"145":0,"146":0,"147":0,"148":0,"149":0,"150":0,"151":0,"152":0,"153":0,"154":0,"155":0,"156":0,"157":0,"158":0,"159":0,"160":0,"161":0,"162":0,"163":0,"164":0,"165":0,"166":0,"167":0,"168":0,"169":0,"170":0,"171":0,"172":0,"173":0,"174":0,"175":0,"176":0,"177":0,"178":0,"179":0,"180":0,"181":0,"182":0,"183":0,"184":0,"185":0,"186":0,"187":0,"188":0,"189":0,"190":0},"b":{"1":[0,0],"2":[0,0],"3":[0,0],"4":[0,0],"5":[0,0],"6":[0,0],"7":[0,0],"8":[0,0],"9":[0,0],"10":[0,0],"11":[0,0],"12":[0,0],"13":[0,0],"14":[0,0],"15":[0,0],"16":[0,0],"17":[0,0],"18":[0,0],"19":[0,0],"20":[0,0],"21":[0,0],"22":[0,0],"23":[0,0],"24":[0,0],"25":[0,0],"26":[0,0],"27":[0,0],"28":[0,0],"29":[0,0],"30":[0,0],"31":[0,0],"32":[0,0],"33":[0,0,0,0,0,0],"34":[0,0],"35":[0,0],"36":[0,0],"37":[0,0],"38":[0,0],"39":[0,0],"40":[0,0,0],"41":[0,0],"42":[0,0],"43":[0,0],"44":[0,0],"45":[0,0],"46":[0,0],"47":[0,0],"48":[0,0],"49":[0,0],"50":[0,0],"51":[0,0],"52":[0,0],"53":[0,0],"54":[0,0],"55":[0,0],"56":[0,0],"57":[0,0],"58":[0,0],"59":[0,0],"60":[0,0],"61":[0,0],"62":[0,0],"63":[0,0]},"f":{"1":0,"2":0,"3":0,"4":0,"5":0,"6":0,"7":0,"8":0,"9":0,"10":0,"11":0,"12":0,"13":0,"14":0,"15":0,"16":0,"17":0,"18":0,"19":0,"20":0,"21":0,"22":0,"23":0,"24":0,"25":0,"26":0,"27":0,"28":0},"fnMap":{"1":{"name":"(anonymous_1)","line":16,"loc":{"start":{"line":16,"column":17},"end":{"line":16,"column":33}}},"2":{"name":"(anonymous_2)","line":89,"loc":{"start":{"line":89,"column":18},"end":{"line":89,"column":35}}},"3":{"name":"(anonymous_3)","line":109,"loc":{"start":{"line":109,"column":21},"end":{"line":109,"column":35}}},"4":{"name":"(anonymous_4)","line":123,"loc":{"start":{"line":123,"column":20},"end":{"line":123,"column":44}}},"5":{"name":"(anonymous_5)","line":157,"loc":{"start":{"line":157,"column":23},"end":{"line":157,"column":41}}},"6":{"name":"(anonymous_6)","line":168,"loc":{"start":{"line":168,"column":16},"end":{"line":168,"column":46}}},"7":{"name":"(anonymous_7)","line":197,"loc":{"start":{"line":197,"column":24},"end":{"line":197,"column":64}}},"8":{"name":"(anonymous_8)","line":212,"loc":{"start":{"line":212,"column":28},"end":{"line":212,"column":44}}},"9":{"name":"(anonymous_9)","line":229,"loc":{"start":{"line":229,"column":29},"end":{"line":229,"column":45}}},"10":{"name":"(anonymous_10)","line":243,"loc":{"start":{"line":243,"column":29},"end":{"line":243,"column":47}}},"11":{"name":"(anonymous_11)","line":257,"loc":{"start":{"line":257,"column":35},"end":{"line":257,"column":63}}},"12":{"name":"(anonymous_12)","line":275,"loc":{"start":{"line":275,"column":26},"end":{"line":275,"column":50}}},"13":{"name":"(anonymous_13)","line":288,"loc":{"start":{"line":288,"column":22},"end":{"line":288,"column":59}}},"14":{"name":"(anonymous_14)","line":304,"loc":{"start":{"line":304,"column":21},"end":{"line":304,"column":43}}},"15":{"name":"(anonymous_15)","line":318,"loc":{"start":{"line":318,"column":25},"end":{"line":318,"column":52}}},"16":{"name":"(anonymous_16)","line":322,"loc":{"start":{"line":322,"column":21},"end":{"line":322,"column":78}}},"17":{"name":"(anonymous_17)","line":325,"loc":{"start":{"line":325,"column":33},"end":{"line":325,"column":56}}},"18":{"name":"(anonymous_18)","line":342,"loc":{"start":{"line":342,"column":17},"end":{"line":342,"column":39}}},"19":{"name":"(anonymous_19)","line":384,"loc":{"start":{"line":384,"column":39},"end":{"line":384,"column":52}}},"20":{"name":"(anonymous_20)","line":427,"loc":{"start":{"line":427,"column":40},"end":{"line":427,"column":53}}},"21":{"name":"(anonymous_21)","line":432,"loc":{"start":{"line":432,"column":29},"end":{"line":432,"column":46}}},"22":{"name":"(anonymous_22)","line":461,"loc":{"start":{"line":461,"column":23},"end":{"line":461,"column":84}}},"23":{"name":"(anonymous_23)","line":491,"loc":{"start":{"line":491,"column":108},"end":{"line":491,"column":119}}},"24":{"name":"(anonymous_24)","line":508,"loc":{"start":{"line":508,"column":26},"end":{"line":508,"column":38}}},"25":{"name":"(anonymous_25)","line":531,"loc":{"start":{"line":531,"column":27},"end":{"line":531,"column":39}}},"26":{"name":"(anonymous_26)","line":552,"loc":{"start":{"line":552,"column":30},"end":{"line":552,"column":49}}},"27":{"name":"(anonymous_27)","line":570,"loc":{"start":{"line":570,"column":20},"end":{"line":570,"column":39}}},"28":{"name":"(anonymous_28)","line":574,"loc":{"start":{"line":574,"column":20},"end":{"line":574,"column":39}}}},"statementMap":{"1":{"start":{"line":16,"column":0},"end":{"line":584,"column":2}},"2":{"start":{"line":18,"column":2},"end":{"line":18,"column":32}},"3":{"start":{"line":19,"column":2},"end":{"line":19,"column":31}},"4":{"start":{"line":20,"column":2},"end":{"line":20,"column":28}},"5":{"start":{"line":21,"column":2},"end":{"line":21,"column":30}},"6":{"start":{"line":23,"column":2},"end":{"line":50,"column":4}},"7":{"start":{"line":52,"column":2},"end":{"line":56,"column":4}},"8":{"start":{"line":59,"column":2},"end":{"line":78,"column":4}},"9":{"start":{"line":80,"column":2},"end":{"line":81,"column":19}},"10":{"start":{"line":89,"column":2},"end":{"line":100,"column":4}},"11":{"start":{"line":90,"column":4},"end":{"line":92,"column":5}},"12":{"start":{"line":91,"column":6},"end":{"line":91,"column":64}},"13":{"start":{"line":93,"column":4},"end":{"line":93,"column":73}},"14":{"start":{"line":95,"column":4},"end":{"line":97,"column":5}},"15":{"start":{"line":96,"column":6},"end":{"line":96,"column":61}},"16":{"start":{"line":99,"column":4},"end":{"line":99,"column":14}},"17":{"start":{"line":109,"column":2},"end":{"line":111,"column":4}},"18":{"start":{"line":110,"column":3},"end":{"line":110,"column":45}},"19":{"start":{"line":123,"column":2},"end":{"line":148,"column":4}},"20":{"start":{"line":126,"column":4},"end":{"line":128,"column":22}},"21":{"start":{"line":130,"column":4},"end":{"line":145,"column":5}},"22":{"start":{"line":132,"column":6},"end":{"line":141,"column":7}},"23":{"start":{"line":134,"column":8},"end":{"line":134,"column":23}},"24":{"start":{"line":136,"column":13},"end":{"line":141,"column":7}},"25":{"start":{"line":138,"column":8},"end":{"line":138,"column":23}},"26":{"start":{"line":140,"column":8},"end":{"line":140,"column":100}},"27":{"start":{"line":144,"column":6},"end":{"line":144,"column":71}},"28":{"start":{"line":147,"column":4},"end":{"line":147,"column":19}},"29":{"start":{"line":157,"column":2},"end":{"line":159,"column":4}},"30":{"start":{"line":158,"column":4},"end":{"line":158,"column":45}},"31":{"start":{"line":168,"column":2},"end":{"line":186,"column":4}},"32":{"start":{"line":169,"column":4},"end":{"line":170,"column":22}},"33":{"start":{"line":173,"column":4},"end":{"line":185,"column":5}},"34":{"start":{"line":174,"column":6},"end":{"line":174,"column":29}},"35":{"start":{"line":177,"column":6},"end":{"line":177,"column":121}},"36":{"start":{"line":178,"column":6},"end":{"line":178,"column":124}},"37":{"start":{"line":180,"column":6},"end":{"line":184,"column":7}},"38":{"start":{"line":181,"column":8},"end":{"line":181,"column":126}},"39":{"start":{"line":183,"column":8},"end":{"line":183,"column":122}},"40":{"start":{"line":197,"column":2},"end":{"line":203,"column":4}},"41":{"start":{"line":198,"column":4},"end":{"line":202,"column":5}},"42":{"start":{"line":199,"column":6},"end":{"line":199,"column":53}},"43":{"start":{"line":201,"column":6},"end":{"line":201,"column":28}},"44":{"start":{"line":212,"column":2},"end":{"line":221,"column":4}},"45":{"start":{"line":213,"column":4},"end":{"line":213,"column":13}},"46":{"start":{"line":215,"column":4},"end":{"line":220,"column":5}},"47":{"start":{"line":216,"column":6},"end":{"line":216,"column":23}},"48":{"start":{"line":218,"column":6},"end":{"line":219,"column":80}},"49":{"start":{"line":229,"column":2},"end":{"line":235,"column":4}},"50":{"start":{"line":231,"column":4},"end":{"line":234,"column":5}},"51":{"start":{"line":232,"column":6},"end":{"line":233,"column":105}},"52":{"start":{"line":243,"column":2},"end":{"line":247,"column":4}},"53":{"start":{"line":244,"column":4},"end":{"line":246,"column":5}},"54":{"start":{"line":245,"column":6},"end":{"line":245,"column":32}},"55":{"start":{"line":257,"column":2},"end":{"line":266,"column":4}},"56":{"start":{"line":258,"column":4},"end":{"line":259,"column":22}},"57":{"start":{"line":260,"column":4},"end":{"line":264,"column":5}},"58":{"start":{"line":261,"column":6},"end":{"line":263,"column":7}},"59":{"start":{"line":262,"column":6},"end":{"line":262,"column":65}},"60":{"start":{"line":265,"column":4},"end":{"line":265,"column":15}},"61":{"start":{"line":275,"column":2},"end":{"line":286,"column":4}},"62":{"start":{"line":277,"column":4},"end":{"line":285,"column":5}},"63":{"start":{"line":278,"column":6},"end":{"line":278,"column":37}},"64":{"start":{"line":280,"column":6},"end":{"line":282,"column":150}},"65":{"start":{"line":284,"column":6},"end":{"line":284,"column":37}},"66":{"start":{"line":288,"column":2},"end":{"line":295,"column":4}},"67":{"start":{"line":291,"column":4},"end":{"line":294,"column":5}},"68":{"start":{"line":292,"column":6},"end":{"line":292,"column":62}},"69":{"start":{"line":293,"column":6},"end":{"line":293,"column":18}},"70":{"start":{"line":304,"column":2},"end":{"line":309,"column":4}},"71":{"start":{"line":305,"column":4},"end":{"line":308,"column":5}},"72":{"start":{"line":306,"column":6},"end":{"line":307,"column":66}},"73":{"start":{"line":318,"column":2},"end":{"line":320,"column":4}},"74":{"start":{"line":319,"column":4},"end":{"line":319,"column":41}},"75":{"start":{"line":322,"column":2},"end":{"line":447,"column":4}},"76":{"start":{"line":323,"column":4},"end":{"line":323,"column":35}},"77":{"start":{"line":325,"column":4},"end":{"line":446,"column":7}},"78":{"start":{"line":326,"column":6},"end":{"line":328,"column":7}},"79":{"start":{"line":327,"column":8},"end":{"line":327,"column":51}},"80":{"start":{"line":330,"column":6},"end":{"line":330,"column":76}},"81":{"start":{"line":331,"column":6},"end":{"line":333,"column":7}},"82":{"start":{"line":332,"column":8},"end":{"line":332,"column":104}},"83":{"start":{"line":335,"column":6},"end":{"line":339,"column":8}},"84":{"start":{"line":341,"column":6},"end":{"line":445,"column":7}},"85":{"start":{"line":342,"column":6},"end":{"line":442,"column":9}},"86":{"start":{"line":343,"column":8},"end":{"line":346,"column":10}},"87":{"start":{"line":347,"column":8},"end":{"line":347,"column":30}},"88":{"start":{"line":348,"column":8},"end":{"line":348,"column":28}},"89":{"start":{"line":350,"column":8},"end":{"line":441,"column":9}},"90":{"start":{"line":351,"column":9},"end":{"line":351,"column":54}},"91":{"start":{"line":354,"column":8},"end":{"line":358,"column":9}},"92":{"start":{"line":356,"column":10},"end":{"line":356,"column":29}},"93":{"start":{"line":357,"column":10},"end":{"line":357,"column":24}},"94":{"start":{"line":360,"column":8},"end":{"line":377,"column":9}},"95":{"start":{"line":361,"column":10},"end":{"line":371,"column":11}},"96":{"start":{"line":363,"column":12},"end":{"line":367,"column":13}},"97":{"start":{"line":364,"column":14},"end":{"line":364,"column":33}},"98":{"start":{"line":366,"column":14},"end":{"line":366,"column":33}},"99":{"start":{"line":368,"column":17},"end":{"line":371,"column":11}},"100":{"start":{"line":369,"column":12},"end":{"line":369,"column":38}},"101":{"start":{"line":370,"column":12},"end":{"line":370,"column":40}},"102":{"start":{"line":373,"column":10},"end":{"line":376,"column":11}},"103":{"start":{"line":374,"column":12},"end":{"line":374,"column":83}},"104":{"start":{"line":375,"column":12},"end":{"line":375,"column":30}},"105":{"start":{"line":383,"column":8},"end":{"line":387,"column":9}},"106":{"start":{"line":384,"column":10},"end":{"line":384,"column":72}},"107":{"start":{"line":384,"column":54},"end":{"line":384,"column":68}},"108":{"start":{"line":385,"column":15},"end":{"line":387,"column":9}},"109":{"start":{"line":386,"column":10},"end":{"line":386,"column":41}},"110":{"start":{"line":389,"column":8},"end":{"line":391,"column":9}},"111":{"start":{"line":390,"column":10},"end":{"line":390,"column":43}},"112":{"start":{"line":393,"column":8},"end":{"line":401,"column":9}},"113":{"start":{"line":394,"column":10},"end":{"line":396,"column":42}},"114":{"start":{"line":398,"column":10},"end":{"line":400,"column":42}},"115":{"start":{"line":403,"column":8},"end":{"line":407,"column":9}},"116":{"start":{"line":404,"column":10},"end":{"line":406,"column":61}},"117":{"start":{"line":409,"column":8},"end":{"line":412,"column":9}},"118":{"start":{"line":410,"column":10},"end":{"line":411,"column":76}},"119":{"start":{"line":414,"column":8},"end":{"line":416,"column":9}},"120":{"start":{"line":415,"column":10},"end":{"line":415,"column":66}},"121":{"start":{"line":426,"column":8},"end":{"line":430,"column":9}},"122":{"start":{"line":427,"column":10},"end":{"line":427,"column":74}},"123":{"start":{"line":427,"column":55},"end":{"line":427,"column":70}},"124":{"start":{"line":428,"column":15},"end":{"line":430,"column":9}},"125":{"start":{"line":429,"column":10},"end":{"line":429,"column":43}},"126":{"start":{"line":432,"column":8},"end":{"line":440,"column":11}},"127":{"start":{"line":433,"column":10},"end":{"line":438,"column":11}},"128":{"start":{"line":434,"column":12},"end":{"line":434,"column":57}},"129":{"start":{"line":436,"column":12},"end":{"line":436,"column":80}},"130":{"start":{"line":437,"column":12},"end":{"line":437,"column":36}},"131":{"start":{"line":439,"column":10},"end":{"line":439,"column":28}},"132":{"start":{"line":444,"column":6},"end":{"line":444,"column":24}},"133":{"start":{"line":461,"column":2},"end":{"line":487,"column":4}},"134":{"start":{"line":462,"column":4},"end":{"line":464,"column":19}},"135":{"start":{"line":466,"column":4},"end":{"line":466,"column":36}},"136":{"start":{"line":467,"column":4},"end":{"line":467,"column":47}},"137":{"start":{"line":469,"column":4},"end":{"line":486,"column":5}},"138":{"start":{"line":471,"column":6},"end":{"line":471,"column":118}},"139":{"start":{"line":473,"column":6},"end":{"line":473,"column":55}},"140":{"start":{"line":475,"column":6},"end":{"line":478,"column":9}},"141":{"start":{"line":480,"column":6},"end":{"line":480,"column":47}},"142":{"start":{"line":481,"column":6},"end":{"line":481,"column":52}},"143":{"start":{"line":483,"column":6},"end":{"line":483,"column":38}},"144":{"start":{"line":484,"column":6},"end":{"line":484,"column":47}},"145":{"start":{"line":485,"column":6},"end":{"line":485,"column":77}},"146":{"start":{"line":491,"column":2},"end":{"line":582,"column":5}},"147":{"start":{"line":493,"column":4},"end":{"line":493,"column":28}},"148":{"start":{"line":494,"column":4},"end":{"line":494,"column":14}},"149":{"start":{"line":495,"column":4},"end":{"line":495,"column":20}},"150":{"start":{"line":496,"column":4},"end":{"line":496,"column":48}},"151":{"start":{"line":497,"column":4},"end":{"line":497,"column":19}},"152":{"start":{"line":498,"column":4},"end":{"line":498,"column":20}},"153":{"start":{"line":500,"column":4},"end":{"line":502,"column":5}},"154":{"start":{"line":501,"column":6},"end":{"line":501,"column":61}},"155":{"start":{"line":504,"column":4},"end":{"line":504,"column":42}},"156":{"start":{"line":506,"column":4},"end":{"line":506,"column":75}},"157":{"start":{"line":508,"column":4},"end":{"line":579,"column":7}},"158":{"start":{"line":509,"column":6},"end":{"line":509,"column":30}},"159":{"start":{"line":510,"column":6},"end":{"line":510,"column":49}},"160":{"start":{"line":512,"column":6},"end":{"line":515,"column":7}},"161":{"start":{"line":514,"column":8},"end":{"line":514,"column":105}},"162":{"start":{"line":517,"column":6},"end":{"line":519,"column":7}},"163":{"start":{"line":518,"column":8},"end":{"line":518,"column":127}},"164":{"start":{"line":521,"column":6},"end":{"line":521,"column":25}},"165":{"start":{"line":522,"column":6},"end":{"line":522,"column":10}},"166":{"start":{"line":524,"column":6},"end":{"line":524,"column":32}},"167":{"start":{"line":526,"column":6},"end":{"line":578,"column":7}},"168":{"start":{"line":527,"column":8},"end":{"line":527,"column":86}},"169":{"start":{"line":531,"column":8},"end":{"line":567,"column":11}},"170":{"start":{"line":533,"column":10},"end":{"line":534,"column":25}},"171":{"start":{"line":536,"column":10},"end":{"line":536,"column":33}},"172":{"start":{"line":537,"column":10},"end":{"line":537,"column":34}},"173":{"start":{"line":540,"column":10},"end":{"line":540,"column":128}},"174":{"start":{"line":543,"column":10},"end":{"line":543,"column"
[...]
ing engines being used","  var GFX_ENGINES = {","    im: {","      name: 'ImageMagick',","      brewurl: 'imagemagick',","      url: 'http://www.imagemagick.org/script/binary-releases.php',","      alternative: {","        code: 'gm',","        name: 'GraphicsMagick'","      }","    },","    gm: {","      name: 'GraphicsMagick',","      brewurl: 'graphicsmagick',","      url: 'http://www.graphicsmagick.org/download.html',","      alternative: {","        code: 'im',","        name: 'ImageMagick'","      }","    }","  };","","  var cache = {},","    gfxEngine = {};","","  /**","   * Set the engine to ImageMagick or GraphicsMagick","   *","   * @private","   * @param  {string}          engine     im for ImageMagick, gm for GraphicsMagick","   */","  var getEngine = function(engine) {","    if (typeof GFX_ENGINES[engine] === 'undefined') {","      return grunt.fail.warn('Invalid render engine specified');","    }","    grunt.verbose.ok('Using render engine: ' + GFX_ENGINES[engine].name);","","    if (engine === 'im') {","      return gm.subClass({ imageMagick: (engine === 'im') });","    }","","    return gm;","  };","","  /**","   * Checks for a valid array, and that there are items in the array.","   *","   * @private","   * @param   {object}          obj       The object to check","   * @return  {boolean}         Whether it is a valid array with items.","   */","  var isValidArray = function(obj) {","   return (_.isArray(obj) && obj.length > 0);","  };","","  /**","   * Checks for a valid width and/or height.","   * We do not need both - one is sufficient, but if a value is supplied it must be a valid value.","   * If width is a percentage, height must also be a percentage - they cannot be mixed.","   *","   * @private","   * @param   {number/string}   width     The width, either as a number or a percentage (or as undefined)","   * @param   {number/string}   height    The height, either as a number or a percentage (or as undefined)","   * @return  {boolean}         Whether the size is valid.","   */","  var isValidSize = function(width, height) {","    // Valid values = 1, '1px', '1', '1%', '1.1%', '11.11111%', '111111%'","    // Invalid values = -1, '1.1.1%', '1a', 'a1'","    var pcRegExp = /^[0-9]*\\.?[0-9]+%?$/,","      pxRegExp = /^[0-9]+(?:px)?$/,","      isValid = false;","","    if ((width || height)) {","      // check if we have a valid percentage value","      if (!!(width || 0).toString().match(pcRegExp) &&","        !!(height || 0).toString().match(pcRegExp)) {","        isValid = true;","      // check if we have a valid pixel value","      } else if (!!(width || 0).toString().match(pxRegExp) &&","        !!(height || 0).toString().match(pxRegExp)) {","        isValid = true;","      } else {","        grunt.log.error('Width/height value is not valid. Percentages and pixels cannot be mixed.');","      }","","    } else {","      grunt.log.error('Either width and/or height must be specified.');","    }","","    return isValid;","  };","","  /**","   * Checks value if is a valid quality between 1 and 100.","   *","   * @private","   * @param   {number}    quality The quality.","   * @return  {boolean}   Whether the quality is valid.","   */","  var isValidQuality = function(quality) {","    return (quality > 1) && (quality <= 100);","  };","","  /**","   * Create a name to suffix to our file.","   *","   * @private","   * @param   {object}          properties Contains properties for name, width, height (where applicable)","   * @return  {string}          A new name","   */","  var getName = function(properties, options) {","    var widthUnit = '',","      heightUnit = '';","","    // name takes precedence","    if (properties.name) {","      return properties.name;","    } else {","      // figure out the units for width and height (they can be different)","      widthUnit = ((properties.width || 0).toString().indexOf('%') > 0) ? options.units.percentage : options.units.pixel;","      heightUnit = ((properties.height || 0 ).toString().indexOf('%') > 0) ? options.units.percentage : options.units.pixel;","","      if (properties.width && properties.height) {","        return parseFloat(properties.width) + widthUnit + options.units.multiply + parseFloat(properties.height) + heightUnit;","      } else {","        return (properties.width) ? parseFloat(properties.width) + widthUnit : parseFloat(properties.height) + heightUnit;","      }","    }","  };","","","  /**","   * Add a prefix and/or a suffix to a value.","   *","   * @private","   * @param   {string}          value         The value to prefix/suffix","   * @param   {string}          prefix        The required prefix (optional)","   * @param   {string}          suffix        The required suffix (optional)","   */","  var addPrefixSuffix = function(value, prefix, suffix, rename) {","    if (rename) {","      return (prefix || '') + value + (suffix || '');","    } else {","      return (suffix || '');","    }","  };","","  /**","   * Check the target has been set up properly in Grunt.","   * Graceful handling of https://github.com/andismith/grunt-responsive-images/issues/2","   *","   * @private","   * @param   {object}          files         The files object","   */","  var checkForValidTarget = function(files) {","    var test;","","    try {","      test = files.src;","    } catch (exception) {","      grunt.fail.fatal('Unable to read configuration.\\n' +","      'Have you specified a target? See: http://gruntjs.com/configuring-tasks');","    }","  };","","  /**","   * Check that there is only one source file in compact/files object format.","   *","   * @private","   * @param   {object}          files         The files object","   */","  var checkForSingleSource = function(files) {","    // more than 1 source.","    if (files.src.length > 1) {","      return grunt.fail.warn('Unable to resize more than one image in compact or files object format.\\n'+","      'For multiple files please use the files array format.\\nSee http://gruntjs.com/configuring-tasks');","    }","  };","","  /**","   * Check if a directory exists, and create it if it doesn't.","   *","   * @private","   * @param   {string}          dirPath   The path we want to check","   */","  var checkDirectoryExists = function(dirPath) {","    if (!grunt.file.isDir(dirPath)) {","      grunt.file.mkdir(dirPath);","    }","  };","","  /**","   * Removes characters from the values of the object keys specified","   *","   * @private","   * @param   {object}          obj       The object to inspect.","   * @param   {array}           keys      The keys to check the values of.","   * @param   {string}          remove    The string to remove.","   */","  var removeCharsFromObjectValue = function(obj, keys, remove) {","    var i = 0,","      l = keys.length;","    for (i = 0; i < l; i++) {","      if (obj[keys[i]] && obj[keys[i]].toString().indexOf(remove) > -1) {","      obj[keys[i]] = obj[keys[i]].toString().replace(remove, '');","      }","    }","    return obj;","  };","","  /**","   * Handle showing errors to the user.","   *","   * @private","   * @param   {string}          error     The error message.","   * @param   {string}          engine    The graphics engine being used.","   */","  var handleImageErrors = function(error, engine) {","","    if (error.message.indexOf('ENOENT') > -1) {","      grunt.log.error(error.message);","","      grunt.fail.warn('\\nPlease ensure ' + GFX_ENGINES[engine].name + ' is installed correctly.\\n' +","      '`brew install ' + GFX_ENGINES[engine].brewurl + '` or see ' + GFX_ENGINES[engine].url + ' for more details.\\n' +","      'Alternatively, set options.engine to \\'' + GFX_ENGINES[engine].alternative.code + '\\' to use ' + GFX_ENGINES[engine].alternative.name + '.\\n');","    } else {","      grunt.fail.warn(error.message);","    }","  };","","  var isAnimatedGif = function(data, dstPath, tryAnimated) {","    // GIF87 cannot be animated.","    // data.Delay and Scene can identify an animation GIF","    if (!tryAnimated && data && data.format && data.format.toUpperCase() === 'GIF' && data.Delay && data.Scene) {","      grunt.verbose.warn(dstPath + ' is animated - skipping');","      return true;","    }","  };","","  /**","   * Outputs the result of the tally.","   *","   * @private","   * @param   {number}          count     The file count.","   * @param   {string}          name      Name of the image.","   */","  var outputResult = function(count, name) {","    if (count) {","      grunt.log.writeln('Resized ' + count.toString().cyan + ' ' +","      grunt.util.pluralize(count, 'file/files') + ' for ' + name);","    }","  };","","  /**","   * Check whether a new version exists","   *","   * @private","   * @param   {string}          srcPath     File source path","   * @param   {string}          dstPath     File destination path","   */","  var isFileNewVersion = function(srcPath, dstPath) {","    return (!grunt.file.exists(dstPath));","  };","","  var processImage = function(srcPath, dstPath, sizeOptions, tally, callback) {","    var image = gfxEngine(srcPath);","","    image.identify(\"%m:%T:%s\\n\", function(err, dataRaw) {","      if(err){","        handleImageErrors(err, sizeOptions.engine);","      }","","      var lastLineData = dataRaw.trim().split(\"\\n\").slice(-1)[0].split(\":\");","      if (lastLineData.length !== 3) {","        handleImageErrors(new Error(\"Could not parse identify output: \" + dataRaw), sizeOptions.engine);","      }","","      var data = {","        format: lastLineData[0],","        Delay: parseInt(lastLineData[1], 10),","        Scene: parseInt(lastLineData[2], 10)","      };","","      if (!isAnimatedGif(data, dstPath, sizeOptions.tryAnimated)) {","      image.size(function(error, size) {","        var sizeTo = {","          width: sizeOptions.width,","          height: sizeOptions.height","        };","        var sizingMethod = '';","        var mode = 'resize';","","        if (error) {","         handleImageErrors(error, sizeOptions.engine);","        } else {","","        if (!sizeOptions.aspectRatio && sizeOptions.width && sizeOptions.height) {","          // crop image","          sizingMethod = '^';","          mode = 'crop';","        }","","        if (sizeOptions.width > size.width || sizeOptions.height > size.height) {","          if (sizeOptions.upscale) {","            // upscale","            if (sizeOptions.aspectRatio) {","              sizingMethod = '^';","            } else {","              sizingMethod = '!';","            }","          } else if (sizeOptions.aspectRatio) {","            sizeTo.width = size.width;","            sizeTo.height = size.height;","          }","","          if (sizeOptions.createNoScaledImage) {","            grunt.verbose.ok('Upscaled image ' + dstPath + ' will not be created');","            return callback();","          }","        }","","        // Add custom Input arguments to the graphics engine command before filter or quality options.","        // customIn: ['-interlace', 'line']","        // yields the command","        // gm \"convert\" \"-interlace\" \"line\" \"-quality\" \"60\" \"img/inputfile.jpg\" ...","        if (isValidArray(sizeOptions.customIn)) {","          sizeOptions.customIn.forEach(function(val){ image.in(val); });","        } else if (sizeOptions.customIn) {","          image.in(sizeOptions.customIn);","        }","","        if (sizeOptions.filter) {","          image.filter(sizeOptions.filter);","        }","","        if (sizeOptions.sample) {","          image","            .sample(sizeTo.width, sizeTo.height, sizingMethod)","            .quality(sizeOptions.quality);","        } else {","          image","            .resize(sizeTo.width, sizeTo.height, sizingMethod)","            .quality(sizeOptions.quality);","        }","","        if (mode === 'crop') {","          image","          .gravity(sizeOptions.gravity)","          .crop(sizeOptions.width, sizeOptions.height, 0, 0);","        }","","        if (sizeOptions.sharpen) {","          image","            .sharpen(sizeOptions.sharpen.radius, sizeOptions.sharpen.sigma);","        }","","        if (sizeOptions.density) {","          image.density(sizeOptions.density, sizeOptions.density);","        }","","        // Add custom Output arguments to the graphics engine command after all other options, but before the output filename.","        // customOut: [","        //      '-gravity', 'SouthEast', '-font', \"Arial\", '-pointsize', '12',","        //      '-fill', '#445', '-draw', 'text 5,2 \\'\\u00A9 copyright\\'',","        //      '-fill', '#ffe', '-draw', 'text 6,3 \\'\\u00A9 copyright\\''","        // ]","        // yields the command","        // gm \"convert\" ... \"img/inputfile.jpg\" \"-resize\" \"1280x\" \"-gravity\" \"SouthEast\" \"-font\" \"Arial\" \"-pointsize\" \"12\" \"-fill\" \"#445\" \"-draw\" \"text 5,2 '© copyright'\" \"-fill\" \"#ffe\" \"-draw\" \"text 6,3 '© copyright'\" \"tmp/img/outputfile.jpg\"","        if (isValidArray(sizeOptions.customOut)) {","          sizeOptions.customOut.forEach(function(val){ image.out(val); });","        } else if (sizeOptions.customOut) {","          image.out(sizeOptions.customOut);","        }","","        image.write(dstPath, function (error) {","          if (error) {","            handleImageErrors(error, sizeOptions.engine);","          } else {","            grunt.verbose.ok('Responsive Image: ' + srcPath + ' now '+ dstPath);","            tally[sizeOptions.id]++;","          }","          return callback();","        });","        }","      });","      } else {","      return callback();","      }","    });","  };","","","  /**","   * Gets the destination path","   *","   * @private","   * @param   {string}          srcPath   The source path","   * @param   {string}          filename  Image Filename","   * @param   {object}          sizeOptions","   * @param   {string}          customDest","   * @param   {string}          origCwd","   * @return                    The complete path and filename","   */","  var getDestination = function(srcPath, dstPath, sizeOptions, customDest, origCwd) {","    var baseName = '',","      dirName = '',","      extName = '';","","    extName = path.extname(dstPath);","    baseName = path.basename(dstPath, extName); // filename without extension","","    if (customDest) {","","      sizeOptions.path = srcPath.replace(new RegExp(origCwd), \"\").replace(new RegExp(path.basename(srcPath)+\"$\"), \"\");","","      grunt.template.addDelimiters('size', '{%', '%}');","","      dirName = grunt.template.process(customDest, {","        delimiters: 'size',","        data: sizeOptions","      });","","      checkDirectoryExists(path.join(dirName));","      return path.join(dirName, baseName + extName);","    } else {","      dirName = path.dirname(dstPath);","      checkDirectoryExists(path.join(dirName));","      return path.join(dirName, baseName + sizeOptions.outputName + extName);","    }","  };","","  // let's get this party started","","  grunt.registerMultiTask('responsive_images', 'Create images at different sizes for responsive websites.', function() {","","    var done = this.async();","    var i = 0;","    var series = [];","    var options = this.options(DEFAULT_OPTIONS); // Merge task-specific and/or target-specific options with these defaults.","    var tally = {};","    var task = this;","","    if (!isValidArray(options.sizes)) {","      return grunt.fail.fatal('No sizes have been defined.');","    }","","    gfxEngine = getEngine(options.engine);","","    options.units = _.extend(_.clone(DEFAULT_UNIT_OPTIONS), options.units);","","    options.sizes.forEach(function(s) {","      var resizeparallel = [];","      var sizeOptions = _.extend({}, options, s);","","      if (!isValidSize(sizeOptions.width, sizeOptions.height)) {","        // allow task to be by-passed if no images","        return grunt.log.warn('Size is invalid (' + sizeOptions.width + ', ' + sizeOptions.height + ')');","      }","","      if (!isValidQuality(sizeOptions.quality)) {","        return grunt.log.warn('Quality configuration has changed to values between 1 - 100. Please update your configuration');","      }","","      sizeOptions.id = i;","      i++;","","      tally[sizeOptions.id] = 0;","","      if (task.files.length === 0) {","        return grunt.log.warn('Unable to compile; no valid source files were found.');","      } else {","","        // Iterate over all specified file groups.","        task.files.forEach(function(f) {","","          var srcPath = '',","            dstPath = '';","","          checkForValidTarget(f);","          checkForSingleSource(f);","","          // create a name for our image based on name, width, height","          sizeOptions.name = getName({ name: sizeOptions.name, width: sizeOptions.width, height: sizeOptions.height }, options);","","          // create an output name with prefix, suffix","          sizeOptions.outputName = addPrefixSuffix(sizeOptions.name, sizeOptions.separator, sizeOptions.suffix, sizeOptions.rename);","","          srcPath = f.src[0];","          dstPath = getDestination(srcPath, f.dest, sizeOptions, f.custom_dest, f.orig.cwd);","","          // remove pixels from the value so the gfx process doesn't complain","          sizeOptions = removeCharsFromObjectValue(sizeOptions, ['width', 'height'], 'px');","","          // resize images in parallel if options.concurrency > 1","          resizeparallel.push(function(callback) {","","            if (sizeOptions.newFilesOnly) {","              if (isFileNewVersion(srcPath, dstPath)) {","                return processImage(srcPath, dstPath, sizeOptions, tally, callback);","              } else {","                grunt.verbose.ok('File already exists: ' + dstPath);","                // defer the callback","                setImmediate(callback);","              }","            } else {","              return processImage(srcPath, dstPath, sizeOptions, tally, callback);","            }","","          });","        });","","        // resize images in parallel if options.concurrency > 1","        series.push(function(callback) {","          async.parallelLimit(resizeparallel, options.concurrency, callback);","        });","","        series.push(function(callback) {","          outputResult(tally[sizeOptions.id], sizeOptions.name);","          return callback();","        });","      }","    });","","    async.series(series, done);","  });","","};",""],"l":{"16":1,"18":0,"19":0,"20":0,"21":0,"23":0,"52":0,"59":0,"80":0,"89":0,"90":0,"91":0,"93":0,"95":0,"96":0,"99":0,"109":0,"110":0,"123":0,"126":0,"130":0,"132":0,"134":0,"136":0,"138":0,"140":0,"144":0,"147":0,"157":0,"158":0,"168":0,"169":0,"173":0,"174":0,"177":0,"178":0,"180":0,"181":0,"183":0,"197":0,"198":0,"199":0,"201":0,"212":0,"213":0,"215":0,"216":0,"218":0,"229":0,"231":0,"232":0,"243":0,"244":0,"245":0,"257":0,"258":0,"260":0,"261":0,"262":0,"265":0,"275":0,"277":0,"278":0,"280":0,"284":0,"288":0,"291":0,"292":0,"293":0,"304":0,"305":0,"306":0,"318":0,"319":0,"322":0,"323":0,"325":0,"326":0,"327":0,"330":0,"331":0,"332":0,"335":0,"341":0,"342":0,"343":0,"347":0,"348":0,"350":0,"351":0,"354":0,"356":0,"357":0,"360":0,"361":0,"363":0,"364":0,"366":0,"368":0,"369":0,"370":0,"373":0,"374":0,"375":0,"383":0,"384":0,"385":0,"386":0,"389":0,"390":0,"393":0,"394":0,"398":0,"403":0,"404":0,"409":0,"410":0,"414":0,"415":0,"426":0,"427":0,"428":0,"429":0,"432":0,"433":0,"434":0,"436":0,"437":0,"439":0,"444":0,"461":0,"462":0,"466":0,"467":0,"469":0,"471":0,"473":0,"475":0,"480":0,"481":0,"483":0,"484":0,"485":0,"491":0,"493":0,"494":0,"495":0,"496":0,"497":0,"498":0,"500":0,"501":0,"504":0,"506":0,"508":0,"509":0,"510":0,"512":0,"514":0,"517":0,"518":0,"521":0,"522":0,"524":0,"526":0,"527":0,"531":0,"533":0,"536":0,"537":0,"540":0,"543":0,"545":0,"546":0,"549":0,"552":0,"554":0,"555":0,"556":0,"558":0,"560":0,"563":0,"570":0,"571":0,"574":0,"575":0,"576":0,"581":0}}}